CRITICAL - 2022-06-28 15:37:27 --> The framework needs the following extension(s) installed and loaded: intl.
#0 C:\xampp7\htdocs\klinik-muhammadiyah\system\CodeIgniter.php(219): CodeIgniter\Exceptions\FrameworkException::forMissingExtension('intl')
#1 C:\xampp7\htdocs\klinik-muhammadiyah\system\CodeIgniter.php(177): CodeIgniter\CodeIgniter->resolvePlatformExtensions()
#2 C:\xampp7\htdocs\klinik-muhammadiyah\system\bootstrap.php(146): CodeIgniter\CodeIgniter->initialize()
#3 C:\xampp7\htdocs\klinik-muhammadiyah\spark(45): require('C:\\xampp7\\htdoc...')
#4 {main}
CRITICAL - 2022-06-28 09:04:20 --> Undefined property: App\Controllers\Berita::$M_berita
#0 C:\xampp7\htdocs\klinik-muhammadiyah\app\Controllers\Berita.php(23): CodeIgniter\Debug\Exceptions->errorHandler(2, 'Undefined prope...', 'C:\\xampp7\\htdoc...', 23)
#1 C:\xampp7\htdocs\klinik-muhammadiyah\system\CodeIgniter.php(832): App\Controllers\Berita->tberitaAksi()
#2 C:\xampp7\htdocs\klinik-muhammadiyah\system\CodeIgniter.php(419): CodeIgniter\CodeIgniter->runController(Object(App\Controllers\Berita))
#3 C:\xampp7\htdocs\klinik-muhammadiyah\system\CodeIgniter.php(326): CodeIgniter\CodeIgniter->handleRequest(NULL, Object(Config\Cache), false)
#4 C:\xampp7\htdocs\klinik-muhammadiyah\public\index.php(37): CodeIgniter\CodeIgniter->run()
#5 C:\xampp7\htdocs\klinik-muhammadiyah\system\Commands\Server\rewrite.php(43): require_once('C:\\xampp7\\htdoc...')
#6 {main}
CRITICAL - 2022-06-28 09:11:49 --> Unclosed '{' on line 46
#0 C:\xampp7\htdocs\klinik-muhammadiyah\system\View\View.php(213): CodeIgniter\View\View->CodeIgniter\View\{closure}()
#1 C:\xampp7\htdocs\klinik-muhammadiyah\system\Common.php(1089): CodeIgniter\View\View->render('berita/v_dberit...', Array, true)
#2 C:\xampp7\htdocs\klinik-muhammadiyah\app\Controllers\Berita.php(20): view('berita/v_dberit...', Array)
#3 C:\xampp7\htdocs\klinik-muhammadiyah\system\CodeIgniter.php(832): App\Controllers\Berita->dberita()
#4 C:\xampp7\htdocs\klinik-muhammadiyah\system\CodeIgniter.php(419): CodeIgniter\CodeIgniter->runController(Object(App\Controllers\Berita))
#5 C:\xampp7\htdocs\klinik-muhammadiyah\system\CodeIgniter.php(326): CodeIgniter\CodeIgniter->handleRequest(NULL, Object(Config\Cache), false)
#6 C:\xampp7\htdocs\klinik-muhammadiyah\public\index.php(37): CodeIgniter\CodeIgniter->run()
#7 C:\xampp7\htdocs\klinik-muhammadiyah\system\Commands\Server\rewrite.php(43): require_once('C:\\xampp7\\htdoc...')
#8 {main}
CRITICAL - 2022-06-28 09:12:37 --> Cannot use object of type stdClass as array
#0 C:\xampp7\htdocs\klinik-muhammadiyah\system\View\View.php(210): include()
#1 C:\xampp7\htdocs\klinik-muhammadiyah\system\View\View.php(213): CodeIgniter\View\View->CodeIgniter\View\{closure}()
#2 C:\xampp7\htdocs\klinik-muhammadiyah\system\Common.php(1089): CodeIgniter\View\View->render('berita/v_dberit...', Array, true)
#3 C:\xampp7\htdocs\klinik-muhammadiyah\app\Controllers\Berita.php(20): view('berita/v_dberit...', Array)
#4 C:\xampp7\htdocs\klinik-muhammadiyah\system\CodeIgniter.php(832): App\Controllers\Berita->dberita()
#5 C:\xampp7\htdocs\klinik-muhammadiyah\system\CodeIgniter.php(419): CodeIgniter\CodeIgniter->runController(Object(App\Controllers\Berita))
#6 C:\xampp7\htdocs\klinik-muhammadiyah\system\CodeIgniter.php(326): CodeIgniter\CodeIgniter->handleRequest(NULL, Object(Config\Cache), false)
#7 C:\xampp7\htdocs\klinik-muhammadiyah\public\index.php(37): CodeIgniter\CodeIgniter->run()
#8 C:\xampp7\htdocs\klinik-muhammadiyah\system\Commands\Server\rewrite.php(43): require_once('C:\\xampp7\\htdoc...')
#9 {main}
CRITICAL - 2022-06-28 16:17:43 --> The framework needs the following extension(s) installed and loaded: intl.
#0 C:\xampp7\htdocs\klinik-muhammadiyah\system\CodeIgniter.php(219): CodeIgniter\Exceptions\FrameworkException::forMissingExtension('intl')
#1 C:\xampp7\htdocs\klinik-muhammadiyah\system\CodeIgniter.php(177): CodeIgniter\CodeIgniter->resolvePlatformExtensions()
#2 C:\xampp7\htdocs\klinik-muhammadiyah\system\bootstrap.php(146): CodeIgniter\CodeIgniter->initialize()
#3 C:\xampp7\htdocs\klinik-muhammadiyah\public\index.php(28): require('C:\\xampp7\\htdoc...')
#4 {main}
CRITICAL - 2022-06-28 09:48:57 --> unlink(): Argument #2 ($context) must be of type resource or null, string given
#0 C:\xampp7\htdocs\klinik-muhammadiyah\app\Controllers\Berita.php(45): unlink('image/', '1656427188_7489...')
#1 C:\xampp7\htdocs\klinik-muhammadiyah\system\CodeIgniter.php(832): App\Controllers\Berita->hberita('6')
#2 C:\xampp7\htdocs\klinik-muhammadiyah\system\CodeIgniter.php(419): CodeIgniter\CodeIgniter->runController(Object(App\Controllers\Berita))
#3 C:\xampp7\htdocs\klinik-muhammadiyah\system\CodeIgniter.php(326): CodeIgniter\CodeIgniter->handleRequest(NULL, Object(Config\Cache), false)
#4 C:\xampp7\htdocs\klinik-muhammadiyah\public\index.php(37): CodeIgniter\CodeIgniter->run()
#5 C:\xampp7\htdocs\klinik-muhammadiyah\system\Commands\Server\rewrite.php(43): require_once('C:\\xampp7\\htdoc...')
#6 {main}
