CRITICAL - 2022-07-31 11:24:51 --> Trying to get property 'nm_dokter' of non-object
#0 C:\xampp\htdocs\klinik-muhammadiyah\app\Views\chat\v_dchat.php(37): CodeIgniter\Debug\Exceptions->errorHandler(8, 'Trying to get p...', 'C:\\xampp\\htdocs...', 37, Array)
#1 C:\xampp\htdocs\klinik-muhammadiyah\system\View\View.php(210): include('C:\\xampp\\htdocs...')
#2 C:\xampp\htdocs\klinik-muhammadiyah\system\View\View.php(213): CodeIgniter\View\View->CodeIgniter\View\{closure}()
#3 C:\xampp\htdocs\klinik-muhammadiyah\system\Common.php(1089): CodeIgniter\View\View->render('/chat/v_dchat', Array, true)
#4 C:\xampp\htdocs\klinik-muhammadiyah\app\Controllers\Konsultasi.php(42): view('/chat/v_dchat', Array)
#5 C:\xampp\htdocs\klinik-muhammadiyah\system\CodeIgniter.php(832): App\Controllers\Konsultasi->pasien()
#6 C:\xampp\htdocs\klinik-muhammadiyah\system\CodeIgniter.php(419): CodeIgniter\CodeIgniter->runController(Object(App\Controllers\Konsultasi))
#7 C:\xampp\htdocs\klinik-muhammadiyah\system\CodeIgniter.php(326): CodeIgniter\CodeIgniter->handleRequest(NULL, Object(Config\Cache), false)
#8 C:\xampp\htdocs\klinik-muhammadiyah\public\index.php(37): CodeIgniter\CodeIgniter->run()
#9 C:\xampp\htdocs\klinik-muhammadiyah\system\Commands\Server\rewrite.php(43): require_once('C:\\xampp\\htdocs...')
#10 {main}
CRITICAL - 2022-07-31 11:26:20 --> Trying to get property 'nm_dokter' of non-object
#0 C:\xampp\htdocs\klinik-muhammadiyah\app\Views\chat\v_dchat.php(37): CodeIgniter\Debug\Exceptions->errorHandler(8, 'Trying to get p...', 'C:\\xampp\\htdocs...', 37, Array)
#1 C:\xampp\htdocs\klinik-muhammadiyah\system\View\View.php(210): include('C:\\xampp\\htdocs...')
#2 C:\xampp\htdocs\klinik-muhammadiyah\system\View\View.php(213): CodeIgniter\View\View->CodeIgniter\View\{closure}()
#3 C:\xampp\htdocs\klinik-muhammadiyah\system\Common.php(1089): CodeIgniter\View\View->render('/chat/v_dchat', Array, true)
#4 C:\xampp\htdocs\klinik-muhammadiyah\app\Controllers\Konsultasi.php(42): view('/chat/v_dchat', Array)
#5 C:\xampp\htdocs\klinik-muhammadiyah\system\CodeIgniter.php(832): App\Controllers\Konsultasi->pasien()
#6 C:\xampp\htdocs\klinik-muhammadiyah\system\CodeIgniter.php(419): CodeIgniter\CodeIgniter->runController(Object(App\Controllers\Konsultasi))
#7 C:\xampp\htdocs\klinik-muhammadiyah\system\CodeIgniter.php(326): CodeIgniter\CodeIgniter->handleRequest(NULL, Object(Config\Cache), false)
#8 C:\xampp\htdocs\klinik-muhammadiyah\public\index.php(37): CodeIgniter\CodeIgniter->run()
#9 C:\xampp\htdocs\klinik-muhammadiyah\system\Commands\Server\rewrite.php(43): require_once('C:\\xampp\\htdocs...')
#10 {main}
CRITICAL - 2022-07-31 11:55:49 --> Undefined variable: db
#0 C:\xampp\htdocs\klinik-muhammadiyah\app\Views\chat\v_dchat.php(29): CodeIgniter\Debug\Exceptions->errorHandler(8, 'Undefined varia...', 'C:\\xampp\\htdocs...', 29, Array)
#1 C:\xampp\htdocs\klinik-muhammadiyah\system\View\View.php(210): include('C:\\xampp\\htdocs...')
#2 C:\xampp\htdocs\klinik-muhammadiyah\system\View\View.php(213): CodeIgniter\View\View->CodeIgniter\View\{closure}()
#3 C:\xampp\htdocs\klinik-muhammadiyah\system\Common.php(1089): CodeIgniter\View\View->render('chat/v_dchat', Array, true)
#4 C:\xampp\htdocs\klinik-muhammadiyah\app\Controllers\Chat.php(26): view('chat/v_dchat', Array)
#5 C:\xampp\htdocs\klinik-muhammadiyah\system\CodeIgniter.php(832): App\Controllers\Chat->index()
#6 C:\xampp\htdocs\klinik-muhammadiyah\system\CodeIgniter.php(419): CodeIgniter\CodeIgniter->runController(Object(App\Controllers\Chat))
#7 C:\xampp\htdocs\klinik-muhammadiyah\system\CodeIgniter.php(326): CodeIgniter\CodeIgniter->handleRequest(NULL, Object(Config\Cache), false)
#8 C:\xampp\htdocs\klinik-muhammadiyah\public\index.php(37): CodeIgniter\CodeIgniter->run()
#9 C:\xampp\htdocs\klinik-muhammadiyah\system\Commands\Server\rewrite.php(43): require_once('C:\\xampp\\htdocs...')
#10 {main}
CRITICAL - 2022-07-31 12:01:04 --> Undefined index: id_user
#0 C:\xampp\htdocs\klinik-muhammadiyah\app\Views\chat\v_dkonsultasipasien.php(37): CodeIgniter\Debug\Exceptions->errorHandler(8, 'Undefined index...', 'C:\\xampp\\htdocs...', 37, Array)
#1 C:\xampp\htdocs\klinik-muhammadiyah\system\View\View.php(210): include('C:\\xampp\\htdocs...')
#2 C:\xampp\htdocs\klinik-muhammadiyah\system\View\View.php(213): CodeIgniter\View\View->CodeIgniter\View\{closure}()
#3 C:\xampp\htdocs\klinik-muhammadiyah\system\Common.php(1089): CodeIgniter\View\View->render('/chat/v_dkonsul...', Array, true)
#4 C:\xampp\htdocs\klinik-muhammadiyah\app\Controllers\Konsultasi.php(42): view('/chat/v_dkonsul...', Array)
#5 C:\xampp\htdocs\klinik-muhammadiyah\system\CodeIgniter.php(832): App\Controllers\Konsultasi->pasien()
#6 C:\xampp\htdocs\klinik-muhammadiyah\system\CodeIgniter.php(419): CodeIgniter\CodeIgniter->runController(Object(App\Controllers\Konsultasi))
#7 C:\xampp\htdocs\klinik-muhammadiyah\system\CodeIgniter.php(326): CodeIgniter\CodeIgniter->handleRequest(NULL, Object(Config\Cache), false)
#8 C:\xampp\htdocs\klinik-muhammadiyah\public\index.php(37): CodeIgniter\CodeIgniter->run()
#9 C:\xampp\htdocs\klinik-muhammadiyah\system\Commands\Server\rewrite.php(43): require_once('C:\\xampp\\htdocs...')
#10 {main}
CRITICAL - 2022-07-31 12:03:41 --> Undefined index: id_user
#0 C:\xampp\htdocs\klinik-muhammadiyah\app\Views\chat\v_dkonsultasipasien.php(37): CodeIgniter\Debug\Exceptions->errorHandler(8, 'Undefined index...', 'C:\\xampp\\htdocs...', 37, Array)
#1 C:\xampp\htdocs\klinik-muhammadiyah\system\View\View.php(210): include('C:\\xampp\\htdocs...')
#2 C:\xampp\htdocs\klinik-muhammadiyah\system\View\View.php(213): CodeIgniter\View\View->CodeIgniter\View\{closure}()
#3 C:\xampp\htdocs\klinik-muhammadiyah\system\Common.php(1089): CodeIgniter\View\View->render('/chat/v_dkonsul...', Array, true)
#4 C:\xampp\htdocs\klinik-muhammadiyah\app\Controllers\Konsultasi.php(42): view('/chat/v_dkonsul...', Array)
#5 C:\xampp\htdocs\klinik-muhammadiyah\system\CodeIgniter.php(832): App\Controllers\Konsultasi->pasien()
#6 C:\xampp\htdocs\klinik-muhammadiyah\system\CodeIgniter.php(419): CodeIgniter\CodeIgniter->runController(Object(App\Controllers\Konsultasi))
#7 C:\xampp\htdocs\klinik-muhammadiyah\system\CodeIgniter.php(326): CodeIgniter\CodeIgniter->handleRequest(NULL, Object(Config\Cache), false)
#8 C:\xampp\htdocs\klinik-muhammadiyah\public\index.php(37): CodeIgniter\CodeIgniter->run()
#9 C:\xampp\htdocs\klinik-muhammadiyah\system\Commands\Server\rewrite.php(43): require_once('C:\\xampp\\htdocs...')
#10 {main}
CRITICAL - 2022-07-31 12:03:45 --> Undefined index: id_user
#0 C:\xampp\htdocs\klinik-muhammadiyah\app\Views\chat\v_dkonsultasipasien.php(37): CodeIgniter\Debug\Exceptions->errorHandler(8, 'Undefined index...', 'C:\\xampp\\htdocs...', 37, Array)
#1 C:\xampp\htdocs\klinik-muhammadiyah\system\View\View.php(210): include('C:\\xampp\\htdocs...')
#2 C:\xampp\htdocs\klinik-muhammadiyah\system\View\View.php(213): CodeIgniter\View\View->CodeIgniter\View\{closure}()
#3 C:\xampp\htdocs\klinik-muhammadiyah\system\Common.php(1089): CodeIgniter\View\View->render('/chat/v_dkonsul...', Array, true)
#4 C:\xampp\htdocs\klinik-muhammadiyah\app\Controllers\Konsultasi.php(42): view('/chat/v_dkonsul...', Array)
#5 C:\xampp\htdocs\klinik-muhammadiyah\system\CodeIgniter.php(832): App\Controllers\Konsultasi->pasien()
#6 C:\xampp\htdocs\klinik-muhammadiyah\system\CodeIgniter.php(419): CodeIgniter\CodeIgniter->runController(Object(App\Controllers\Konsultasi))
#7 C:\xampp\htdocs\klinik-muhammadiyah\system\CodeIgniter.php(326): CodeIgniter\CodeIgniter->handleRequest(NULL, Object(Config\Cache), false)
#8 C:\xampp\htdocs\klinik-muhammadiyah\public\index.php(37): CodeIgniter\CodeIgniter->run()
#9 C:\xampp\htdocs\klinik-muhammadiyah\system\Commands\Server\rewrite.php(43): require_once('C:\\xampp\\htdocs...')
#10 {main}
CRITICAL - 2022-07-31 12:03:47 --> Undefined index: id_user
#0 C:\xampp\htdocs\klinik-muhammadiyah\app\Views\chat\v_dkonsultasipasien.php(37): CodeIgniter\Debug\Exceptions->errorHandler(8, 'Undefined index...', 'C:\\xampp\\htdocs...', 37, Array)
#1 C:\xampp\htdocs\klinik-muhammadiyah\system\View\View.php(210): include('C:\\xampp\\htdocs...')
#2 C:\xampp\htdocs\klinik-muhammadiyah\system\View\View.php(213): CodeIgniter\View\View->CodeIgniter\View\{closure}()
#3 C:\xampp\htdocs\klinik-muhammadiyah\system\Common.php(1089): CodeIgniter\View\View->render('/chat/v_dkonsul...', Array, true)
#4 C:\xampp\htdocs\klinik-muhammadiyah\app\Controllers\Konsultasi.php(42): view('/chat/v_dkonsul...', Array)
#5 C:\xampp\htdocs\klinik-muhammadiyah\system\CodeIgniter.php(832): App\Controllers\Konsultasi->pasien()
#6 C:\xampp\htdocs\klinik-muhammadiyah\system\CodeIgniter.php(419): CodeIgniter\CodeIgniter->runController(Object(App\Controllers\Konsultasi))
#7 C:\xampp\htdocs\klinik-muhammadiyah\system\CodeIgniter.php(326): CodeIgniter\CodeIgniter->handleRequest(NULL, Object(Config\Cache), false)
#8 C:\xampp\htdocs\klinik-muhammadiyah\public\index.php(37): CodeIgniter\CodeIgniter->run()
#9 C:\xampp\htdocs\klinik-muhammadiyah\system\Commands\Server\rewrite.php(43): require_once('C:\\xampp\\htdocs...')
#10 {main}
CRITICAL - 2022-07-31 12:03:52 --> Undefined index: id_user
#0 C:\xampp\htdocs\klinik-muhammadiyah\app\Views\chat\v_dkonsultasipasien.php(37): CodeIgniter\Debug\Exceptions->errorHandler(8, 'Undefined index...', 'C:\\xampp\\htdocs...', 37, Array)
#1 C:\xampp\htdocs\klinik-muhammadiyah\system\View\View.php(210): include('C:\\xampp\\htdocs...')
#2 C:\xampp\htdocs\klinik-muhammadiyah\system\View\View.php(213): CodeIgniter\View\View->CodeIgniter\View\{closure}()
#3 C:\xampp\htdocs\klinik-muhammadiyah\system\Common.php(1089): CodeIgniter\View\View->render('/chat/v_dkonsul...', Array, true)
#4 C:\xampp\htdocs\klinik-muhammadiyah\app\Controllers\Konsultasi.php(42): view('/chat/v_dkonsul...', Array)
#5 C:\xampp\htdocs\klinik-muhammadiyah\system\CodeIgniter.php(832): App\Controllers\Konsultasi->pasien()
#6 C:\xampp\htdocs\klinik-muhammadiyah\system\CodeIgniter.php(419): CodeIgniter\CodeIgniter->runController(Object(App\Controllers\Konsultasi))
#7 C:\xampp\htdocs\klinik-muhammadiyah\system\CodeIgniter.php(326): CodeIgniter\CodeIgniter->handleRequest(NULL, Object(Config\Cache), false)
#8 C:\xampp\htdocs\klinik-muhammadiyah\public\index.php(37): CodeIgniter\CodeIgniter->run()
#9 C:\xampp\htdocs\klinik-muhammadiyah\system\Commands\Server\rewrite.php(43): require_once('C:\\xampp\\htdocs...')
#10 {main}
CRITICAL - 2022-07-31 12:03:53 --> Undefined index: id_user
#0 C:\xampp\htdocs\klinik-muhammadiyah\app\Views\chat\v_dkonsultasipasien.php(37): CodeIgniter\Debug\Exceptions->errorHandler(8, 'Undefined index...', 'C:\\xampp\\htdocs...', 37, Array)
#1 C:\xampp\htdocs\klinik-muhammadiyah\system\View\View.php(210): include('C:\\xampp\\htdocs...')
#2 C:\xampp\htdocs\klinik-muhammadiyah\system\View\View.php(213): CodeIgniter\View\View->CodeIgniter\View\{closure}()
#3 C:\xampp\htdocs\klinik-muhammadiyah\system\Common.php(1089): CodeIgniter\View\View->render('/chat/v_dkonsul...', Array, true)
#4 C:\xampp\htdocs\klinik-muhammadiyah\app\Controllers\Konsultasi.php(42): view('/chat/v_dkonsul...', Array)
#5 C:\xampp\htdocs\klinik-muhammadiyah\system\CodeIgniter.php(832): App\Controllers\Konsultasi->pasien()
#6 C:\xampp\htdocs\klinik-muhammadiyah\system\CodeIgniter.php(419): CodeIgniter\CodeIgniter->runController(Object(App\Controllers\Konsultasi))
#7 C:\xampp\htdocs\klinik-muhammadiyah\system\CodeIgniter.php(326): CodeIgniter\CodeIgniter->handleRequest(NULL, Object(Config\Cache), false)
#8 C:\xampp\htdocs\klinik-muhammadiyah\public\index.php(37): CodeIgniter\CodeIgniter->run()
#9 C:\xampp\htdocs\klinik-muhammadiyah\system\Commands\Server\rewrite.php(43): require_once('C:\\xampp\\htdocs...')
#10 {main}
CRITICAL - 2022-07-31 12:04:23 --> Undefined index: id_user
#0 C:\xampp\htdocs\klinik-muhammadiyah\app\Views\chat\v_dkonsultasipasien.php(50): CodeIgniter\Debug\Exceptions->errorHandler(8, 'Undefined index...', 'C:\\xampp\\htdocs...', 50, Array)
#1 C:\xampp\htdocs\klinik-muhammadiyah\system\View\View.php(210): include('C:\\xampp\\htdocs...')
#2 C:\xampp\htdocs\klinik-muhammadiyah\system\View\View.php(213): CodeIgniter\View\View->CodeIgniter\View\{closure}()
#3 C:\xampp\htdocs\klinik-muhammadiyah\system\Common.php(1089): CodeIgniter\View\View->render('/chat/v_dkonsul...', Array, true)
#4 C:\xampp\htdocs\klinik-muhammadiyah\app\Controllers\Konsultasi.php(42): view('/chat/v_dkonsul...', Array)
#5 C:\xampp\htdocs\klinik-muhammadiyah\system\CodeIgniter.php(832): App\Controllers\Konsultasi->pasien()
#6 C:\xampp\htdocs\klinik-muhammadiyah\system\CodeIgniter.php(419): CodeIgniter\CodeIgniter->runController(Object(App\Controllers\Konsultasi))
#7 C:\xampp\htdocs\klinik-muhammadiyah\system\CodeIgniter.php(326): CodeIgniter\CodeIgniter->handleRequest(NULL, Object(Config\Cache), false)
#8 C:\xampp\htdocs\klinik-muhammadiyah\public\index.php(37): CodeIgniter\CodeIgniter->run()
#9 C:\xampp\htdocs\klinik-muhammadiyah\system\Commands\Server\rewrite.php(43): require_once('C:\\xampp\\htdocs...')
#10 {main}
CRITICAL - 2022-07-31 12:24:25 --> Undefined property: stdClass::$desk_fasilitas
#0 C:\xampp\htdocs\klinik-muhammadiyah\app\Views\fasilitas\v_dfasilitas.php(70): CodeIgniter\Debug\Exceptions->errorHandler(8, 'Undefined prope...', 'C:\\xampp\\htdocs...', 70, Array)
#1 C:\xampp\htdocs\klinik-muhammadiyah\system\View\View.php(210): include('C:\\xampp\\htdocs...')
#2 C:\xampp\htdocs\klinik-muhammadiyah\system\View\View.php(213): CodeIgniter\View\View->CodeIgniter\View\{closure}()
#3 C:\xampp\htdocs\klinik-muhammadiyah\system\Common.php(1089): CodeIgniter\View\View->render('fasilitas/v_dfa...', Array, true)
#4 C:\xampp\htdocs\klinik-muhammadiyah\app\Controllers\Fasilitas.php(20): view('fasilitas/v_dfa...', Array)
#5 C:\xampp\htdocs\klinik-muhammadiyah\system\CodeIgniter.php(832): App\Controllers\Fasilitas->dfasilitas()
#6 C:\xampp\htdocs\klinik-muhammadiyah\system\CodeIgniter.php(419): CodeIgniter\CodeIgniter->runController(Object(App\Controllers\Fasilitas))
#7 C:\xampp\htdocs\klinik-muhammadiyah\system\CodeIgniter.php(326): CodeIgniter\CodeIgniter->handleRequest(NULL, Object(Config\Cache), false)
#8 C:\xampp\htdocs\klinik-muhammadiyah\public\index.php(37): CodeIgniter\CodeIgniter->run()
#9 C:\xampp\htdocs\klinik-muhammadiyah\system\Commands\Server\rewrite.php(43): require_once('C:\\xampp\\htdocs...')
#10 {main}
ERROR - 2022-07-31 12:25:23 --> Unknown column 'desk_fasilitas' in 'field list'
CRITICAL - 2022-07-31 12:25:23 --> Unknown column 'desk_fasilitas' in 'field list'
#0 C:\xampp\htdocs\klinik-muhammadiyah\system\Database\MySQLi\Connection.php(292): mysqli->query('INSERT INTO `fa...', 0)
#1 C:\xampp\htdocs\klinik-muhammadiyah\system\Database\BaseConnection.php(670): CodeIgniter\Database\MySQLi\Connection->execute('INSERT INTO `fa...')
#2 C:\xampp\htdocs\klinik-muhammadiyah\system\Database\BaseConnection.php(598): CodeIgniter\Database\BaseConnection->simpleQuery('INSERT INTO `fa...')
#3 C:\xampp\htdocs\klinik-muhammadiyah\system\Database\BaseBuilder.php(1771): CodeIgniter\Database\BaseConnection->query('INSERT INTO `fa...', Array, false)
#4 C:\xampp\htdocs\klinik-muhammadiyah\app\Models\M_fasilitas.php(21): CodeIgniter\Database\BaseBuilder->insert(Array)
#5 C:\xampp\htdocs\klinik-muhammadiyah\app\Controllers\Fasilitas.php(37): App\Models\M_fasilitas->simpan(Array)
#6 C:\xampp\htdocs\klinik-muhammadiyah\system\CodeIgniter.php(832): App\Controllers\Fasilitas->tfasilitasAksi()
#7 C:\xampp\htdocs\klinik-muhammadiyah\system\CodeIgniter.php(419): CodeIgniter\CodeIgniter->runController(Object(App\Controllers\Fasilitas))
#8 C:\xampp\htdocs\klinik-muhammadiyah\system\CodeIgniter.php(326): CodeIgniter\CodeIgniter->handleRequest(NULL, Object(Config\Cache), false)
#9 C:\xampp\htdocs\klinik-muhammadiyah\public\index.php(37): CodeIgniter\CodeIgniter->run()
#10 C:\xampp\htdocs\klinik-muhammadiyah\system\Commands\Server\rewrite.php(43): require_once('C:\\xampp\\htdocs...')
#11 {main}
ERROR - 2022-07-31 12:27:14 --> Column 'desk_fasilitas' cannot be null
CRITICAL - 2022-07-31 12:27:14 --> Column 'desk_fasilitas' cannot be null
#0 C:\xampp\htdocs\klinik-muhammadiyah\system\Database\MySQLi\Connection.php(292): mysqli->query('INSERT INTO `fa...', 0)
#1 C:\xampp\htdocs\klinik-muhammadiyah\system\Database\BaseConnection.php(670): CodeIgniter\Database\MySQLi\Connection->execute('INSERT INTO `fa...')
#2 C:\xampp\htdocs\klinik-muhammadiyah\system\Database\BaseConnection.php(598): CodeIgniter\Database\BaseConnection->simpleQuery('INSERT INTO `fa...')
#3 C:\xampp\htdocs\klinik-muhammadiyah\system\Database\BaseBuilder.php(1771): CodeIgniter\Database\BaseConnection->query('INSERT INTO `fa...', Array, false)
#4 C:\xampp\htdocs\klinik-muhammadiyah\app\Models\M_fasilitas.php(21): CodeIgniter\Database\BaseBuilder->insert(Array)
#5 C:\xampp\htdocs\klinik-muhammadiyah\app\Controllers\Fasilitas.php(37): App\Models\M_fasilitas->simpan(Array)
#6 C:\xampp\htdocs\klinik-muhammadiyah\system\CodeIgniter.php(832): App\Controllers\Fasilitas->tfasilitasAksi()
#7 C:\xampp\htdocs\klinik-muhammadiyah\system\CodeIgniter.php(419): CodeIgniter\CodeIgniter->runController(Object(App\Controllers\Fasilitas))
#8 C:\xampp\htdocs\klinik-muhammadiyah\system\CodeIgniter.php(326): CodeIgniter\CodeIgniter->handleRequest(NULL, Object(Config\Cache), false)
#9 C:\xampp\htdocs\klinik-muhammadiyah\public\index.php(37): CodeIgniter\CodeIgniter->run()
#10 C:\xampp\htdocs\klinik-muhammadiyah\system\Commands\Server\rewrite.php(43): require_once('C:\\xampp\\htdocs...')
#11 {main}
