ERROR - 2022-08-07 04:33:18 --> Error connecting to the database: Unknown database 'muhammadiyah'
CRITICAL - 2022-08-07 04:33:18 --> Unable to connect to the database.
Main connection [MySQLi]: Unknown database 'muhammadiyah'
#0 C:\xampp\htdocs\klinik-muhammadiyah\system\Database\BaseConnection.php(577): CodeIgniter\Database\BaseConnection->initialize()
#1 C:\xampp\htdocs\klinik-muhammadiyah\app\Views\landingpage.php(24): CodeIgniter\Database\BaseConnection->query('SELECT * FROM p...')
#2 C:\xampp\htdocs\klinik-muhammadiyah\system\View\View.php(210): include('C:\\xampp\\htdocs...')
#3 C:\xampp\htdocs\klinik-muhammadiyah\system\View\View.php(213): CodeIgniter\View\View->CodeIgniter\View\{closure}()
#4 C:\xampp\htdocs\klinik-muhammadiyah\system\Common.php(1089): CodeIgniter\View\View->render('landingpage', Array, true)
#5 C:\xampp\htdocs\klinik-muhammadiyah\app\Controllers\Home.php(9): view('landingpage')
#6 C:\xampp\htdocs\klinik-muhammadiyah\system\CodeIgniter.php(832): App\Controllers\Home->index()
#7 C:\xampp\htdocs\klinik-muhammadiyah\system\CodeIgniter.php(419): CodeIgniter\CodeIgniter->runController(Object(App\Controllers\Home))
#8 C:\xampp\htdocs\klinik-muhammadiyah\system\CodeIgniter.php(326): CodeIgniter\CodeIgniter->handleRequest(NULL, Object(Config\Cache), false)
#9 C:\xampp\htdocs\klinik-muhammadiyah\public\index.php(37): CodeIgniter\CodeIgniter->run()
#10 C:\xampp\htdocs\klinik-muhammadiyah\system\Commands\Server\rewrite.php(43): require_once('C:\\xampp\\htdocs...')
#11 {main}
CRITICAL - 2022-08-07 05:05:46 --> Undefined variable: poli
#0 C:\xampp\htdocs\klinik-muhammadiyah\app\Views\laporan\v_laporanChat.php(58): CodeIgniter\Debug\Exceptions->errorHandler(8, 'Undefined varia...', 'C:\\xampp\\htdocs...', 58, Array)
#1 C:\xampp\htdocs\klinik-muhammadiyah\system\View\View.php(210): include('C:\\xampp\\htdocs...')
#2 C:\xampp\htdocs\klinik-muhammadiyah\system\View\View.php(213): CodeIgniter\View\View->CodeIgniter\View\{closure}()
#3 C:\xampp\htdocs\klinik-muhammadiyah\system\Common.php(1089): CodeIgniter\View\View->render('/laporan/v_lapo...', Array, true)
#4 C:\xampp\htdocs\klinik-muhammadiyah\app\Controllers\Laporan.php(91): view('/laporan/v_lapo...', Array)
#5 C:\xampp\htdocs\klinik-muhammadiyah\system\CodeIgniter.php(832): App\Controllers\Laporan->lchat()
#6 C:\xampp\htdocs\klinik-muhammadiyah\system\CodeIgniter.php(419): CodeIgniter\CodeIgniter->runController(Object(App\Controllers\Laporan))
#7 C:\xampp\htdocs\klinik-muhammadiyah\system\CodeIgniter.php(326): CodeIgniter\CodeIgniter->handleRequest(NULL, Object(Config\Cache), false)
#8 C:\xampp\htdocs\klinik-muhammadiyah\public\index.php(37): CodeIgniter\CodeIgniter->run()
#9 C:\xampp\htdocs\klinik-muhammadiyah\system\Commands\Server\rewrite.php(43): require_once('C:\\xampp\\htdocs...')
#10 {main}
CRITICAL - 2022-08-07 05:05:58 --> Trying to get property 'id_user' of non-object
#0 C:\xampp\htdocs\klinik-muhammadiyah\app\Views\laporan\v_laporanChat.php(90): CodeIgniter\Debug\Exceptions->errorHandler(8, 'Trying to get p...', 'C:\\xampp\\htdocs...', 90, Array)
#1 C:\xampp\htdocs\klinik-muhammadiyah\system\View\View.php(210): include('C:\\xampp\\htdocs...')
#2 C:\xampp\htdocs\klinik-muhammadiyah\system\View\View.php(213): CodeIgniter\View\View->CodeIgniter\View\{closure}()
#3 C:\xampp\htdocs\klinik-muhammadiyah\system\Common.php(1089): CodeIgniter\View\View->render('/laporan/v_lapo...', Array, true)
#4 C:\xampp\htdocs\klinik-muhammadiyah\app\Controllers\Laporan.php(91): view('/laporan/v_lapo...', Array)
#5 C:\xampp\htdocs\klinik-muhammadiyah\system\CodeIgniter.php(832): App\Controllers\Laporan->lchat()
#6 C:\xampp\htdocs\klinik-muhammadiyah\system\CodeIgniter.php(419): CodeIgniter\CodeIgniter->runController(Object(App\Controllers\Laporan))
#7 C:\xampp\htdocs\klinik-muhammadiyah\system\CodeIgniter.php(326): CodeIgniter\CodeIgniter->handleRequest(NULL, Object(Config\Cache), false)
#8 C:\xampp\htdocs\klinik-muhammadiyah\public\index.php(37): CodeIgniter\CodeIgniter->run()
#9 C:\xampp\htdocs\klinik-muhammadiyah\system\Commands\Server\rewrite.php(43): require_once('C:\\xampp\\htdocs...')
#10 {main}
ERROR - 2022-08-07 06:02:36 --> Unknown column 'chat.id_dokter' in 'on clause'
CRITICAL - 2022-08-07 06:02:36 --> Unknown column 'chat.id_dokter' in 'on clause'
#0 C:\xampp\htdocs\klinik-muhammadiyah\system\Database\MySQLi\Connection.php(292): mysqli->query('SELECT *\nFROM `...', 0)
#1 C:\xampp\htdocs\klinik-muhammadiyah\system\Database\BaseConnection.php(670): CodeIgniter\Database\MySQLi\Connection->execute('SELECT *\nFROM `...')
#2 C:\xampp\htdocs\klinik-muhammadiyah\system\Database\BaseConnection.php(598): CodeIgniter\Database\BaseConnection->simpleQuery('SELECT *\nFROM `...')
#3 C:\xampp\htdocs\klinik-muhammadiyah\system\Database\BaseBuilder.php(1455): CodeIgniter\Database\BaseConnection->query('SELECT *\nFROM `...', Array, false)
#4 C:\xampp\htdocs\klinik-muhammadiyah\app\Models\M_chat.php(23): CodeIgniter\Database\BaseBuilder->get()
#5 C:\xampp\htdocs\klinik-muhammadiyah\app\Controllers\Laporan.php(89): App\Models\M_chat->laporanchat()
#6 C:\xampp\htdocs\klinik-muhammadiyah\system\CodeIgniter.php(832): App\Controllers\Laporan->lchat()
#7 C:\xampp\htdocs\klinik-muhammadiyah\system\CodeIgniter.php(419): CodeIgniter\CodeIgniter->runController(Object(App\Controllers\Laporan))
#8 C:\xampp\htdocs\klinik-muhammadiyah\system\CodeIgniter.php(326): CodeIgniter\CodeIgniter->handleRequest(NULL, Object(Config\Cache), false)
#9 C:\xampp\htdocs\klinik-muhammadiyah\public\index.php(37): CodeIgniter\CodeIgniter->run()
#10 C:\xampp\htdocs\klinik-muhammadiyah\system\Commands\Server\rewrite.php(43): require_once('C:\\xampp\\htdocs...')
#11 {main}
CRITICAL - 2022-08-07 06:09:50 --> Undefined variable: p
#0 C:\xampp\htdocs\klinik-muhammadiyah\app\Views\laporan\v_laporanChat.php(59): CodeIgniter\Debug\Exceptions->errorHandler(8, 'Undefined varia...', 'C:\\xampp\\htdocs...', 59, Array)
#1 C:\xampp\htdocs\klinik-muhammadiyah\system\View\View.php(210): include('C:\\xampp\\htdocs...')
#2 C:\xampp\htdocs\klinik-muhammadiyah\system\View\View.php(213): CodeIgniter\View\View->CodeIgniter\View\{closure}()
#3 C:\xampp\htdocs\klinik-muhammadiyah\system\Common.php(1089): CodeIgniter\View\View->render('/laporan/v_lapo...', Array, true)
#4 C:\xampp\htdocs\klinik-muhammadiyah\app\Controllers\Laporan.php(95): view('/laporan/v_lapo...', Array)
#5 C:\xampp\htdocs\klinik-muhammadiyah\system\CodeIgniter.php(832): App\Controllers\Laporan->lchat()
#6 C:\xampp\htdocs\klinik-muhammadiyah\system\CodeIgniter.php(419): CodeIgniter\CodeIgniter->runController(Object(App\Controllers\Laporan))
#7 C:\xampp\htdocs\klinik-muhammadiyah\system\CodeIgniter.php(326): CodeIgniter\CodeIgniter->handleRequest(NULL, Object(Config\Cache), false)
#8 C:\xampp\htdocs\klinik-muhammadiyah\public\index.php(37): CodeIgniter\CodeIgniter->run()
#9 C:\xampp\htdocs\klinik-muhammadiyah\system\Commands\Server\rewrite.php(43): require_once('C:\\xampp\\htdocs...')
#10 {main}
CRITICAL - 2022-08-07 06:10:10 --> Undefined variable: nm_dokter
#0 C:\xampp\htdocs\klinik-muhammadiyah\app\Views\laporan\v_laporanChat.php(59): CodeIgniter\Debug\Exceptions->errorHandler(8, 'Undefined varia...', 'C:\\xampp\\htdocs...', 59, Array)
#1 C:\xampp\htdocs\klinik-muhammadiyah\system\View\View.php(210): include('C:\\xampp\\htdocs...')
#2 C:\xampp\htdocs\klinik-muhammadiyah\system\View\View.php(213): CodeIgniter\View\View->CodeIgniter\View\{closure}()
#3 C:\xampp\htdocs\klinik-muhammadiyah\system\Common.php(1089): CodeIgniter\View\View->render('/laporan/v_lapo...', Array, true)
#4 C:\xampp\htdocs\klinik-muhammadiyah\app\Controllers\Laporan.php(95): view('/laporan/v_lapo...', Array)
#5 C:\xampp\htdocs\klinik-muhammadiyah\system\CodeIgniter.php(832): App\Controllers\Laporan->lchat()
#6 C:\xampp\htdocs\klinik-muhammadiyah\system\CodeIgniter.php(419): CodeIgniter\CodeIgniter->runController(Object(App\Controllers\Laporan))
#7 C:\xampp\htdocs\klinik-muhammadiyah\system\CodeIgniter.php(326): CodeIgniter\CodeIgniter->handleRequest(NULL, Object(Config\Cache), false)
#8 C:\xampp\htdocs\klinik-muhammadiyah\public\index.php(37): CodeIgniter\CodeIgniter->run()
#9 C:\xampp\htdocs\klinik-muhammadiyah\system\Commands\Server\rewrite.php(43): require_once('C:\\xampp\\htdocs...')
#10 {main}
CRITICAL - 2022-08-07 06:10:22 --> Object of class stdClass could not be converted to string
#0 C:\xampp\htdocs\klinik-muhammadiyah\system\View\View.php(210): include()
#1 C:\xampp\htdocs\klinik-muhammadiyah\system\View\View.php(213): CodeIgniter\View\View->CodeIgniter\View\{closure}()
#2 C:\xampp\htdocs\klinik-muhammadiyah\system\Common.php(1089): CodeIgniter\View\View->render('/laporan/v_lapo...', Array, true)
#3 C:\xampp\htdocs\klinik-muhammadiyah\app\Controllers\Laporan.php(95): view('/laporan/v_lapo...', Array)
#4 C:\xampp\htdocs\klinik-muhammadiyah\system\CodeIgniter.php(832): App\Controllers\Laporan->lchat()
#5 C:\xampp\htdocs\klinik-muhammadiyah\system\CodeIgniter.php(419): CodeIgniter\CodeIgniter->runController(Object(App\Controllers\Laporan))
#6 C:\xampp\htdocs\klinik-muhammadiyah\system\CodeIgniter.php(326): CodeIgniter\CodeIgniter->handleRequest(NULL, Object(Config\Cache), false)
#7 C:\xampp\htdocs\klinik-muhammadiyah\public\index.php(37): CodeIgniter\CodeIgniter->run()
#8 C:\xampp\htdocs\klinik-muhammadiyah\system\Commands\Server\rewrite.php(43): require_once('C:\\xampp\\htdocs...')
#9 {main}
CRITICAL - 2022-08-07 06:18:15 --> Undefined variable: ddokter
#0 C:\xampp\htdocs\klinik-muhammadiyah\app\Views\laporan\v_flaporanChat.php(58): CodeIgniter\Debug\Exceptions->errorHandler(8, 'Undefined varia...', 'C:\\xampp\\htdocs...', 58, Array)
#1 C:\xampp\htdocs\klinik-muhammadiyah\system\View\View.php(210): include('C:\\xampp\\htdocs...')
#2 C:\xampp\htdocs\klinik-muhammadiyah\system\View\View.php(213): CodeIgniter\View\View->CodeIgniter\View\{closure}()
#3 C:\xampp\htdocs\klinik-muhammadiyah\system\Common.php(1089): CodeIgniter\View\View->render('/laporan/v_flap...', Array, true)
#4 C:\xampp\htdocs\klinik-muhammadiyah\app\Controllers\Laporan.php(102): view('/laporan/v_flap...')
#5 C:\xampp\htdocs\klinik-muhammadiyah\system\CodeIgniter.php(832): App\Controllers\Laporan->cariDokter('17')
#6 C:\xampp\htdocs\klinik-muhammadiyah\system\CodeIgniter.php(419): CodeIgniter\CodeIgniter->runController(Object(App\Controllers\Laporan))
#7 C:\xampp\htdocs\klinik-muhammadiyah\system\CodeIgniter.php(326): CodeIgniter\CodeIgniter->handleRequest(NULL, Object(Config\Cache), false)
#8 C:\xampp\htdocs\klinik-muhammadiyah\public\index.php(37): CodeIgniter\CodeIgniter->run()
#9 C:\xampp\htdocs\klinik-muhammadiyah\system\Commands\Server\rewrite.php(43): require_once('C:\\xampp\\htdocs...')
#10 {main}
CRITICAL - 2022-08-07 06:18:43 --> Undefined variable: ddokter
#0 C:\xampp\htdocs\klinik-muhammadiyah\app\Views\laporan\v_flaporanChat.php(58): CodeIgniter\Debug\Exceptions->errorHandler(8, 'Undefined varia...', 'C:\\xampp\\htdocs...', 58, Array)
#1 C:\xampp\htdocs\klinik-muhammadiyah\system\View\View.php(210): include('C:\\xampp\\htdocs...')
#2 C:\xampp\htdocs\klinik-muhammadiyah\system\View\View.php(213): CodeIgniter\View\View->CodeIgniter\View\{closure}()
#3 C:\xampp\htdocs\klinik-muhammadiyah\system\Common.php(1089): CodeIgniter\View\View->render('/laporan/v_flap...', Array, true)
#4 C:\xampp\htdocs\klinik-muhammadiyah\app\Controllers\Laporan.php(103): view('/laporan/v_flap...')
#5 C:\xampp\htdocs\klinik-muhammadiyah\system\CodeIgniter.php(832): App\Controllers\Laporan->cariDokter('17')
#6 C:\xampp\htdocs\klinik-muhammadiyah\system\CodeIgniter.php(419): CodeIgniter\CodeIgniter->runController(Object(App\Controllers\Laporan))
#7 C:\xampp\htdocs\klinik-muhammadiyah\system\CodeIgniter.php(326): CodeIgniter\CodeIgniter->handleRequest(NULL, Object(Config\Cache), false)
#8 C:\xampp\htdocs\klinik-muhammadiyah\public\index.php(37): CodeIgniter\CodeIgniter->run()
#9 C:\xampp\htdocs\klinik-muhammadiyah\system\Commands\Server\rewrite.php(43): require_once('C:\\xampp\\htdocs...')
#10 {main}
CRITICAL - 2022-08-07 06:18:46 --> Undefined variable: ddokter
#0 C:\xampp\htdocs\klinik-muhammadiyah\app\Views\laporan\v_flaporanChat.php(58): CodeIgniter\Debug\Exceptions->errorHandler(8, 'Undefined varia...', 'C:\\xampp\\htdocs...', 58, Array)
#1 C:\xampp\htdocs\klinik-muhammadiyah\system\View\View.php(210): include('C:\\xampp\\htdocs...')
#2 C:\xampp\htdocs\klinik-muhammadiyah\system\View\View.php(213): CodeIgniter\View\View->CodeIgniter\View\{closure}()
#3 C:\xampp\htdocs\klinik-muhammadiyah\system\Common.php(1089): CodeIgniter\View\View->render('/laporan/v_flap...', Array, true)
#4 C:\xampp\htdocs\klinik-muhammadiyah\app\Controllers\Laporan.php(103): view('/laporan/v_flap...')
#5 C:\xampp\htdocs\klinik-muhammadiyah\system\CodeIgniter.php(832): App\Controllers\Laporan->cariDokter('17')
#6 C:\xampp\htdocs\klinik-muhammadiyah\system\CodeIgniter.php(419): CodeIgniter\CodeIgniter->runController(Object(App\Controllers\Laporan))
#7 C:\xampp\htdocs\klinik-muhammadiyah\system\CodeIgniter.php(326): CodeIgniter\CodeIgniter->handleRequest(NULL, Object(Config\Cache), false)
#8 C:\xampp\htdocs\klinik-muhammadiyah\public\index.php(37): CodeIgniter\CodeIgniter->run()
#9 C:\xampp\htdocs\klinik-muhammadiyah\system\Commands\Server\rewrite.php(43): require_once('C:\\xampp\\htdocs...')
#10 {main}
CRITICAL - 2022-08-07 06:19:04 --> Cannot use object of type mysqli as array
#0 C:\xampp\htdocs\klinik-muhammadiyah\system\View\View.php(210): include()
#1 C:\xampp\htdocs\klinik-muhammadiyah\system\View\View.php(213): CodeIgniter\View\View->CodeIgniter\View\{closure}()
#2 C:\xampp\htdocs\klinik-muhammadiyah\system\Common.php(1089): CodeIgniter\View\View->render('/laporan/v_flap...', Array, true)
#3 C:\xampp\htdocs\klinik-muhammadiyah\app\Controllers\Laporan.php(103): view('/laporan/v_flap...', Array)
#4 C:\xampp\htdocs\klinik-muhammadiyah\system\CodeIgniter.php(832): App\Controllers\Laporan->cariDokter('17')
#5 C:\xampp\htdocs\klinik-muhammadiyah\system\CodeIgniter.php(419): CodeIgniter\CodeIgniter->runController(Object(App\Controllers\Laporan))
#6 C:\xampp\htdocs\klinik-muhammadiyah\system\CodeIgniter.php(326): CodeIgniter\CodeIgniter->handleRequest(NULL, Object(Config\Cache), false)
#7 C:\xampp\htdocs\klinik-muhammadiyah\public\index.php(37): CodeIgniter\CodeIgniter->run()
#8 C:\xampp\htdocs\klinik-muhammadiyah\system\Commands\Server\rewrite.php(43): require_once('C:\\xampp\\htdocs...')
#9 {main}
ERROR - 2022-08-07 06:22:06 --> Unknown column 'chat.id_dokter' in 'on clause'
CRITICAL - 2022-08-07 06:22:06 --> Unknown column 'chat.id_dokter' in 'on clause'
#0 C:\xampp\htdocs\klinik-muhammadiyah\system\Database\MySQLi\Connection.php(292): mysqli->query('SELECT *\nFROM `...', 0)
#1 C:\xampp\htdocs\klinik-muhammadiyah\system\Database\BaseConnection.php(670): CodeIgniter\Database\MySQLi\Connection->execute('SELECT *\nFROM `...')
#2 C:\xampp\htdocs\klinik-muhammadiyah\system\Database\BaseConnection.php(598): CodeIgniter\Database\BaseConnection->simpleQuery('SELECT *\nFROM `...')
#3 C:\xampp\htdocs\klinik-muhammadiyah\system\Database\BaseBuilder.php(1455): CodeIgniter\Database\BaseConnection->query('SELECT *\nFROM `...', Array, false)
#4 C:\xampp\htdocs\klinik-muhammadiyah\app\Models\M_chat.php(24): CodeIgniter\Database\BaseBuilder->get()
#5 C:\xampp\htdocs\klinik-muhammadiyah\app\Controllers\Laporan.php(100): App\Models\M_chat->cari('17')
#6 C:\xampp\htdocs\klinik-muhammadiyah\system\CodeIgniter.php(832): App\Controllers\Laporan->cariDokter('17')
#7 C:\xampp\htdocs\klinik-muhammadiyah\system\CodeIgniter.php(419): CodeIgniter\CodeIgniter->runController(Object(App\Controllers\Laporan))
#8 C:\xampp\htdocs\klinik-muhammadiyah\system\CodeIgniter.php(326): CodeIgniter\CodeIgniter->handleRequest(NULL, Object(Config\Cache), false)
#9 C:\xampp\htdocs\klinik-muhammadiyah\public\index.php(37): CodeIgniter\CodeIgniter->run()
#10 C:\xampp\htdocs\klinik-muhammadiyah\system\Commands\Server\rewrite.php(43): require_once('C:\\xampp\\htdocs...')
#11 {main}
CRITICAL - 2022-08-07 06:47:01 --> Trying to get property 'nm_pasien' of non-object
#0 C:\xampp\htdocs\klinik-muhammadiyah\app\Views\laporan\v_ClaporanChat.php(41): CodeIgniter\Debug\Exceptions->errorHandler(8, 'Trying to get p...', 'C:\\xampp\\htdocs...', 41, Array)
#1 C:\xampp\htdocs\klinik-muhammadiyah\system\View\View.php(210): include('C:\\xampp\\htdocs...')
#2 C:\xampp\htdocs\klinik-muhammadiyah\system\View\View.php(213): CodeIgniter\View\View->CodeIgniter\View\{closure}()
#3 C:\xampp\htdocs\klinik-muhammadiyah\system\Common.php(1089): CodeIgniter\View\View->render('/laporan/v_Clap...', Array, true)
#4 C:\xampp\htdocs\klinik-muhammadiyah\app\Controllers\Laporan.php(110): view('/laporan/v_Clap...', Array)
#5 C:\xampp\htdocs\klinik-muhammadiyah\system\CodeIgniter.php(832): App\Controllers\Laporan->cetak3()
#6 C:\xampp\htdocs\klinik-muhammadiyah\system\CodeIgniter.php(419): CodeIgniter\CodeIgniter->runController(Object(App\Controllers\Laporan))
#7 C:\xampp\htdocs\klinik-muhammadiyah\system\CodeIgniter.php(326): CodeIgniter\CodeIgniter->handleRequest(NULL, Object(Config\Cache), false)
#8 C:\xampp\htdocs\klinik-muhammadiyah\public\index.php(37): CodeIgniter\CodeIgniter->run()
#9 C:\xampp\htdocs\klinik-muhammadiyah\system\Commands\Server\rewrite.php(43): require_once('C:\\xampp\\htdocs...')
#10 {main}
CRITICAL - 2022-08-07 06:47:27 --> Undefined index: nm_pasien
#0 C:\xampp\htdocs\klinik-muhammadiyah\app\Views\laporan\v_ClaporanChat.php(41): CodeIgniter\Debug\Exceptions->errorHandler(8, 'Undefined index...', 'C:\\xampp\\htdocs...', 41, Array)
#1 C:\xampp\htdocs\klinik-muhammadiyah\system\View\View.php(210): include('C:\\xampp\\htdocs...')
#2 C:\xampp\htdocs\klinik-muhammadiyah\system\View\View.php(213): CodeIgniter\View\View->CodeIgniter\View\{closure}()
#3 C:\xampp\htdocs\klinik-muhammadiyah\system\Common.php(1089): CodeIgniter\View\View->render('/laporan/v_Clap...', Array, true)
#4 C:\xampp\htdocs\klinik-muhammadiyah\app\Controllers\Laporan.php(110): view('/laporan/v_Clap...', Array)
#5 C:\xampp\htdocs\klinik-muhammadiyah\system\CodeIgniter.php(832): App\Controllers\Laporan->cetak3()
#6 C:\xampp\htdocs\klinik-muhammadiyah\system\CodeIgniter.php(419): CodeIgniter\CodeIgniter->runController(Object(App\Controllers\Laporan))
#7 C:\xampp\htdocs\klinik-muhammadiyah\system\CodeIgniter.php(326): CodeIgniter\CodeIgniter->handleRequest(NULL, Object(Config\Cache), false)
#8 C:\xampp\htdocs\klinik-muhammadiyah\public\index.php(37): CodeIgniter\CodeIgniter->run()
#9 C:\xampp\htdocs\klinik-muhammadiyah\system\Commands\Server\rewrite.php(43): require_once('C:\\xampp\\htdocs...')
#10 {main}
CRITICAL - 2022-08-07 06:54:44 --> Trying to get property 'tujuan' of non-object
#0 C:\xampp\htdocs\klinik-muhammadiyah\app\Views\laporan\v_flaporanChat.php(72): CodeIgniter\Debug\Exceptions->errorHandler(8, 'Trying to get p...', 'C:\\xampp\\htdocs...', 72, Array)
#1 C:\xampp\htdocs\klinik-muhammadiyah\system\View\View.php(210): include('C:\\xampp\\htdocs...')
#2 C:\xampp\htdocs\klinik-muhammadiyah\system\View\View.php(213): CodeIgniter\View\View->CodeIgniter\View\{closure}()
#3 C:\xampp\htdocs\klinik-muhammadiyah\system\Common.php(1089): CodeIgniter\View\View->render('/laporan/v_flap...', Array, true)
#4 C:\xampp\htdocs\klinik-muhammadiyah\app\Controllers\Laporan.php(103): view('/laporan/v_flap...', Array)
#5 C:\xampp\htdocs\klinik-muhammadiyah\system\CodeIgniter.php(832): App\Controllers\Laporan->cariDokter('14')
#6 C:\xampp\htdocs\klinik-muhammadiyah\system\CodeIgniter.php(419): CodeIgniter\CodeIgniter->runController(Object(App\Controllers\Laporan))
#7 C:\xampp\htdocs\klinik-muhammadiyah\system\CodeIgniter.php(326): CodeIgniter\CodeIgniter->handleRequest(NULL, Object(Config\Cache), false)
#8 C:\xampp\htdocs\klinik-muhammadiyah\public\index.php(37): CodeIgniter\CodeIgniter->run()
#9 C:\xampp\htdocs\klinik-muhammadiyah\system\Commands\Server\rewrite.php(43): require_once('C:\\xampp\\htdocs...')
#10 {main}
CRITICAL - 2022-08-07 06:56:02 --> Undefined offset: 0
#0 C:\xampp\htdocs\klinik-muhammadiyah\app\Views\laporan\v_flaporanChat.php(72): CodeIgniter\Debug\Exceptions->errorHandler(8, 'Undefined offse...', 'C:\\xampp\\htdocs...', 72, Array)
#1 C:\xampp\htdocs\klinik-muhammadiyah\system\View\View.php(210): include('C:\\xampp\\htdocs...')
#2 C:\xampp\htdocs\klinik-muhammadiyah\system\View\View.php(213): CodeIgniter\View\View->CodeIgniter\View\{closure}()
#3 C:\xampp\htdocs\klinik-muhammadiyah\system\Common.php(1089): CodeIgniter\View\View->render('/laporan/v_flap...', Array, true)
#4 C:\xampp\htdocs\klinik-muhammadiyah\app\Controllers\Laporan.php(103): view('/laporan/v_flap...', Array)
#5 C:\xampp\htdocs\klinik-muhammadiyah\system\CodeIgniter.php(832): App\Controllers\Laporan->cariDokter('12')
#6 C:\xampp\htdocs\klinik-muhammadiyah\system\CodeIgniter.php(419): CodeIgniter\CodeIgniter->runController(Object(App\Controllers\Laporan))
#7 C:\xampp\htdocs\klinik-muhammadiyah\system\CodeIgniter.php(326): CodeIgniter\CodeIgniter->handleRequest(NULL, Object(Config\Cache), false)
#8 C:\xampp\htdocs\klinik-muhammadiyah\public\index.php(37): CodeIgniter\CodeIgniter->run()
#9 C:\xampp\htdocs\klinik-muhammadiyah\system\Commands\Server\rewrite.php(43): require_once('C:\\xampp\\htdocs...')
#10 {main}
CRITICAL - 2022-08-07 06:58:32 --> Too few arguments to function App\Controllers\Laporan::cetakpoli(), 0 passed in C:\xampp\htdocs\klinik-muhammadiyah\system\CodeIgniter.php on line 832 and exactly 1 expected
#0 C:\xampp\htdocs\klinik-muhammadiyah\system\CodeIgniter.php(832): App\Controllers\Laporan->cetakpoli()
#1 C:\xampp\htdocs\klinik-muhammadiyah\system\CodeIgniter.php(419): CodeIgniter\CodeIgniter->runController(Object(App\Controllers\Laporan))
#2 C:\xampp\htdocs\klinik-muhammadiyah\system\CodeIgniter.php(326): CodeIgniter\CodeIgniter->handleRequest(NULL, Object(Config\Cache), false)
#3 C:\xampp\htdocs\klinik-muhammadiyah\public\index.php(37): CodeIgniter\CodeIgniter->run()
#4 C:\xampp\htdocs\klinik-muhammadiyah\system\Commands\Server\rewrite.php(43): require_once('C:\\xampp\\htdocs...')
#5 {main}
CRITICAL - 2022-08-07 07:11:38 --> Too few arguments to function App\Controllers\Laporan::cetakpoli(), 0 passed in C:\xampp\htdocs\klinik-muhammadiyah\system\CodeIgniter.php on line 832 and exactly 1 expected
#0 C:\xampp\htdocs\klinik-muhammadiyah\system\CodeIgniter.php(832): App\Controllers\Laporan->cetakpoli()
#1 C:\xampp\htdocs\klinik-muhammadiyah\system\CodeIgniter.php(419): CodeIgniter\CodeIgniter->runController(Object(App\Controllers\Laporan))
#2 C:\xampp\htdocs\klinik-muhammadiyah\system\CodeIgniter.php(326): CodeIgniter\CodeIgniter->handleRequest(NULL, Object(Config\Cache), false)
#3 C:\xampp\htdocs\klinik-muhammadiyah\public\index.php(37): CodeIgniter\CodeIgniter->run()
#4 C:\xampp\htdocs\klinik-muhammadiyah\system\Commands\Server\rewrite.php(43): require_once('C:\\xampp\\htdocs...')
#5 {main}
