ERROR - 2022-07-13 07:37:21 --> Error connecting to the database: No connection could be made because the target machine actively refused it.

CRITICAL - 2022-07-13 07:37:21 --> Unable to connect to the database.
Main connection [MySQLi]: No connection could be made because the target machine actively refused it.

#0 C:\xampp\htdocs\klinik-muhammadiyah\system\Database\BaseConnection.php(577): CodeIgniter\Database\BaseConnection->initialize()
#1 C:\xampp\htdocs\klinik-muhammadiyah\app\Views\landingpage.php(24): CodeIgniter\Database\BaseConnection->query('SELECT * FROM p...')
#2 C:\xampp\htdocs\klinik-muhammadiyah\system\View\View.php(210): include('C:\\xampp\\htdocs...')
#3 C:\xampp\htdocs\klinik-muhammadiyah\system\View\View.php(213): CodeIgniter\View\View->CodeIgniter\View\{closure}()
#4 C:\xampp\htdocs\klinik-muhammadiyah\system\Common.php(1089): CodeIgniter\View\View->render('landingpage', Array, true)
#5 C:\xampp\htdocs\klinik-muhammadiyah\app\Controllers\Home.php(9): view('landingpage')
#6 C:\xampp\htdocs\klinik-muhammadiyah\system\CodeIgniter.php(832): App\Controllers\Home->index()
#7 C:\xampp\htdocs\klinik-muhammadiyah\system\CodeIgniter.php(419): CodeIgniter\CodeIgniter->runController(Object(App\Controllers\Home))
#8 C:\xampp\htdocs\klinik-muhammadiyah\system\CodeIgniter.php(326): CodeIgniter\CodeIgniter->handleRequest(NULL, Object(Config\Cache), false)
#9 C:\xampp\htdocs\klinik-muhammadiyah\public\index.php(37): CodeIgniter\CodeIgniter->run()
#10 C:\xampp\htdocs\klinik-muhammadiyah\system\Commands\Server\rewrite.php(43): require_once('C:\\xampp\\htdocs...')
#11 {main}
CRITICAL - 2022-07-13 10:00:23 --> Too few arguments to function App\Controllers\Chat::chat(), 0 passed in C:\xampp\htdocs\klinik-muhammadiyah\system\CodeIgniter.php on line 832 and exactly 1 expected
#0 C:\xampp\htdocs\klinik-muhammadiyah\system\CodeIgniter.php(832): App\Controllers\Chat->chat()
#1 C:\xampp\htdocs\klinik-muhammadiyah\system\CodeIgniter.php(419): CodeIgniter\CodeIgniter->runController(Object(App\Controllers\Chat))
#2 C:\xampp\htdocs\klinik-muhammadiyah\system\CodeIgniter.php(326): CodeIgniter\CodeIgniter->handleRequest(NULL, Object(Config\Cache), false)
#3 C:\xampp\htdocs\klinik-muhammadiyah\public\index.php(37): CodeIgniter\CodeIgniter->run()
#4 C:\xampp\htdocs\klinik-muhammadiyah\system\Commands\Server\rewrite.php(43): require_once('C:\\xampp\\htdocs...')
#5 {main}
