CRITICAL - 2022-08-05 00:53:55 --> Attempt to read property "foto" on null
#0 C:\xampp7\htdocs\klinik-muhammadiyah\app\Views\layout\v_sidebar.php(19): CodeIgniter\Debug\Exceptions->errorHandler(2, 'Attempt to read...', 'C:\\xampp7\\htdoc...', 19)
#1 C:\xampp7\htdocs\klinik-muhammadiyah\system\View\View.php(210): include('C:\\xampp7\\htdoc...')
#2 C:\xampp7\htdocs\klinik-muhammadiyah\system\View\View.php(213): CodeIgniter\View\View->CodeIgniter\View\{closure}()
#3 C:\xampp7\htdocs\klinik-muhammadiyah\system\View\View.php(424): CodeIgniter\View\View->render('layout/v_sideba...', NULL, true)
#4 C:\xampp7\htdocs\klinik-muhammadiyah\app\Views\layout\v_template.php(52): CodeIgniter\View\View->include('layout/v_sideba...')
#5 C:\xampp7\htdocs\klinik-muhammadiyah\system\View\View.php(210): include('C:\\xampp7\\htdoc...')
#6 C:\xampp7\htdocs\klinik-muhammadiyah\system\View\View.php(213): CodeIgniter\View\View->CodeIgniter\View\{closure}()
#7 C:\xampp7\htdocs\klinik-muhammadiyah\system\View\View.php(226): CodeIgniter\View\View->render('layout/v_templa...', Array, true)
#8 C:\xampp7\htdocs\klinik-muhammadiyah\system\Common.php(1089): CodeIgniter\View\View->render('pasien/v_dpasie...', Array, true)
#9 C:\xampp7\htdocs\klinik-muhammadiyah\app\Controllers\Pasien.php(21): view('pasien/v_dpasie...', Array)
#10 C:\xampp7\htdocs\klinik-muhammadiyah\system\CodeIgniter.php(832): App\Controllers\Pasien->dpasien()
#11 C:\xampp7\htdocs\klinik-muhammadiyah\system\CodeIgniter.php(419): CodeIgniter\CodeIgniter->runController(Object(App\Controllers\Pasien))
#12 C:\xampp7\htdocs\klinik-muhammadiyah\system\CodeIgniter.php(326): CodeIgniter\CodeIgniter->handleRequest(NULL, Object(Config\Cache), false)
#13 C:\xampp7\htdocs\klinik-muhammadiyah\public\index.php(37): CodeIgniter\CodeIgniter->run()
#14 C:\xampp7\htdocs\klinik-muhammadiyah\system\Commands\Server\rewrite.php(43): require_once('C:\\xampp7\\htdoc...')
#15 {main}
CRITICAL - 2022-08-05 04:27:14 --> Attempt to read property "foto" on null
#0 C:\xampp7\htdocs\klinik-muhammadiyah\app\Views\layout\v_sidebar.php(19): CodeIgniter\Debug\Exceptions->errorHandler(2, 'Attempt to read...', 'C:\\xampp7\\htdoc...', 19)
#1 C:\xampp7\htdocs\klinik-muhammadiyah\system\View\View.php(210): include('C:\\xampp7\\htdoc...')
#2 C:\xampp7\htdocs\klinik-muhammadiyah\system\View\View.php(213): CodeIgniter\View\View->CodeIgniter\View\{closure}()
#3 C:\xampp7\htdocs\klinik-muhammadiyah\system\View\View.php(424): CodeIgniter\View\View->render('layout/v_sideba...', NULL, true)
#4 C:\xampp7\htdocs\klinik-muhammadiyah\app\Views\layout\v_template.php(52): CodeIgniter\View\View->include('layout/v_sideba...')
#5 C:\xampp7\htdocs\klinik-muhammadiyah\system\View\View.php(210): include('C:\\xampp7\\htdoc...')
#6 C:\xampp7\htdocs\klinik-muhammadiyah\system\View\View.php(213): CodeIgniter\View\View->CodeIgniter\View\{closure}()
#7 C:\xampp7\htdocs\klinik-muhammadiyah\system\View\View.php(226): CodeIgniter\View\View->render('layout/v_templa...', Array, true)
#8 C:\xampp7\htdocs\klinik-muhammadiyah\system\Common.php(1089): CodeIgniter\View\View->render('chat/v_dchat', Array, true)
#9 C:\xampp7\htdocs\klinik-muhammadiyah\app\Controllers\Chat.php(26): view('chat/v_dchat', Array)
#10 C:\xampp7\htdocs\klinik-muhammadiyah\system\CodeIgniter.php(832): App\Controllers\Chat->index()
#11 C:\xampp7\htdocs\klinik-muhammadiyah\system\CodeIgniter.php(419): CodeIgniter\CodeIgniter->runController(Object(App\Controllers\Chat))
#12 C:\xampp7\htdocs\klinik-muhammadiyah\system\CodeIgniter.php(326): CodeIgniter\CodeIgniter->handleRequest(NULL, Object(Config\Cache), false)
#13 C:\xampp7\htdocs\klinik-muhammadiyah\public\index.php(37): CodeIgniter\CodeIgniter->run()
#14 C:\xampp7\htdocs\klinik-muhammadiyah\system\Commands\Server\rewrite.php(43): require_once('C:\\xampp7\\htdoc...')
#15 {main}
