CRITICAL - 2022-07-17 00:06:14 --> Undefined index: aksi
#0 C:\xampp\htdocs\klinik-muhammadiyah\app\Views\chat\v_chat.php(69): CodeIgniter\Debug\Exceptions->errorHandler(8, 'Undefined index...', 'C:\\xampp\\htdocs...', 69, Array)
#1 C:\xampp\htdocs\klinik-muhammadiyah\system\View\View.php(210): include('C:\\xampp\\htdocs...')
#2 C:\xampp\htdocs\klinik-muhammadiyah\system\View\View.php(213): CodeIgniter\View\View->CodeIgniter\View\{closure}()
#3 C:\xampp\htdocs\klinik-muhammadiyah\system\Common.php(1089): CodeIgniter\View\View->render('chat/v_chat', Array, true)
#4 C:\xampp\htdocs\klinik-muhammadiyah\app\Controllers\Chat.php(35): view('chat/v_chat', Array)
#5 C:\xampp\htdocs\klinik-muhammadiyah\system\CodeIgniter.php(832): App\Controllers\Chat->chat('8')
#6 C:\xampp\htdocs\klinik-muhammadiyah\system\CodeIgniter.php(419): CodeIgniter\CodeIgniter->runController(Object(App\Controllers\Chat))
#7 C:\xampp\htdocs\klinik-muhammadiyah\system\CodeIgniter.php(326): CodeIgniter\CodeIgniter->handleRequest(NULL, Object(Config\Cache), false)
#8 C:\xampp\htdocs\klinik-muhammadiyah\public\index.php(37): CodeIgniter\CodeIgniter->run()
#9 C:\xampp\htdocs\klinik-muhammadiyah\system\Commands\Server\rewrite.php(43): require_once('C:\\xampp\\htdocs...')
#10 {main}
CRITICAL - 2022-07-17 00:07:09 --> Trying to get property 'nm_dokter' of non-object
#0 C:\xampp\htdocs\klinik-muhammadiyah\app\Views\chat\v_chat.php(10): CodeIgniter\Debug\Exceptions->errorHandler(8, 'Trying to get p...', 'C:\\xampp\\htdocs...', 10, Array)
#1 C:\xampp\htdocs\klinik-muhammadiyah\system\View\View.php(210): include('C:\\xampp\\htdocs...')
#2 C:\xampp\htdocs\klinik-muhammadiyah\system\View\View.php(213): CodeIgniter\View\View->CodeIgniter\View\{closure}()
#3 C:\xampp\htdocs\klinik-muhammadiyah\system\Common.php(1089): CodeIgniter\View\View->render('chat/v_chat', Array, true)
#4 C:\xampp\htdocs\klinik-muhammadiyah\app\Controllers\Chat.php(35): view('chat/v_chat', Array)
#5 C:\xampp\htdocs\klinik-muhammadiyah\system\CodeIgniter.php(832): App\Controllers\Chat->chat('1')
#6 C:\xampp\htdocs\klinik-muhammadiyah\system\CodeIgniter.php(419): CodeIgniter\CodeIgniter->runController(Object(App\Controllers\Chat))
#7 C:\xampp\htdocs\klinik-muhammadiyah\system\CodeIgniter.php(326): CodeIgniter\CodeIgniter->handleRequest(NULL, Object(Config\Cache), false)
#8 C:\xampp\htdocs\klinik-muhammadiyah\public\index.php(37): CodeIgniter\CodeIgniter->run()
#9 C:\xampp\htdocs\klinik-muhammadiyah\system\Commands\Server\rewrite.php(43): require_once('C:\\xampp\\htdocs...')
#10 {main}
CRITICAL - 2022-07-17 00:15:21 --> syntax error, unexpected '}', expecting end of file
#0 C:\xampp\htdocs\klinik-muhammadiyah\system\View\View.php(213): CodeIgniter\View\View->CodeIgniter\View\{closure}()
#1 C:\xampp\htdocs\klinik-muhammadiyah\system\Common.php(1089): CodeIgniter\View\View->render('chat/v_chat', Array, true)
#2 C:\xampp\htdocs\klinik-muhammadiyah\app\Controllers\Chat.php(35): view('chat/v_chat', Array)
#3 C:\xampp\htdocs\klinik-muhammadiyah\system\CodeIgniter.php(832): App\Controllers\Chat->chat('8')
#4 C:\xampp\htdocs\klinik-muhammadiyah\system\CodeIgniter.php(419): CodeIgniter\CodeIgniter->runController(Object(App\Controllers\Chat))
#5 C:\xampp\htdocs\klinik-muhammadiyah\system\CodeIgniter.php(326): CodeIgniter\CodeIgniter->handleRequest(NULL, Object(Config\Cache), false)
#6 C:\xampp\htdocs\klinik-muhammadiyah\public\index.php(37): CodeIgniter\CodeIgniter->run()
#7 C:\xampp\htdocs\klinik-muhammadiyah\system\Commands\Server\rewrite.php(43): require_once('C:\\xampp\\htdocs...')
#8 {main}
CRITICAL - 2022-07-17 00:16:35 --> Undefined index: pesan
#0 C:\xampp\htdocs\klinik-muhammadiyah\app\Views\chat\v_chat.php(86): CodeIgniter\Debug\Exceptions->errorHandler(8, 'Undefined index...', 'C:\\xampp\\htdocs...', 86, Array)
#1 C:\xampp\htdocs\klinik-muhammadiyah\system\View\View.php(210): include('C:\\xampp\\htdocs...')
#2 C:\xampp\htdocs\klinik-muhammadiyah\system\View\View.php(213): CodeIgniter\View\View->CodeIgniter\View\{closure}()
#3 C:\xampp\htdocs\klinik-muhammadiyah\system\Common.php(1089): CodeIgniter\View\View->render('chat/v_chat', Array, true)
#4 C:\xampp\htdocs\klinik-muhammadiyah\app\Controllers\Chat.php(35): view('chat/v_chat', Array)
#5 C:\xampp\htdocs\klinik-muhammadiyah\system\CodeIgniter.php(832): App\Controllers\Chat->chat('8')
#6 C:\xampp\htdocs\klinik-muhammadiyah\system\CodeIgniter.php(419): CodeIgniter\CodeIgniter->runController(Object(App\Controllers\Chat))
#7 C:\xampp\htdocs\klinik-muhammadiyah\system\CodeIgniter.php(326): CodeIgniter\CodeIgniter->handleRequest(NULL, Object(Config\Cache), false)
#8 C:\xampp\htdocs\klinik-muhammadiyah\public\index.php(37): CodeIgniter\CodeIgniter->run()
#9 C:\xampp\htdocs\klinik-muhammadiyah\system\Commands\Server\rewrite.php(43): require_once('C:\\xampp\\htdocs...')
#10 {main}
CRITICAL - 2022-07-17 00:19:53 --> Undefined index: aksi
#0 C:\xampp\htdocs\klinik-muhammadiyah\app\Views\chat\v_chat.php(74): CodeIgniter\Debug\Exceptions->errorHandler(8, 'Undefined index...', 'C:\\xampp\\htdocs...', 74, Array)
#1 C:\xampp\htdocs\klinik-muhammadiyah\system\View\View.php(210): include('C:\\xampp\\htdocs...')
#2 C:\xampp\htdocs\klinik-muhammadiyah\system\View\View.php(213): CodeIgniter\View\View->CodeIgniter\View\{closure}()
#3 C:\xampp\htdocs\klinik-muhammadiyah\system\Common.php(1089): CodeIgniter\View\View->render('chat/v_chat', Array, true)
#4 C:\xampp\htdocs\klinik-muhammadiyah\app\Controllers\Chat.php(35): view('chat/v_chat', Array)
#5 C:\xampp\htdocs\klinik-muhammadiyah\system\CodeIgniter.php(832): App\Controllers\Chat->chat('8')
#6 C:\xampp\htdocs\klinik-muhammadiyah\system\CodeIgniter.php(419): CodeIgniter\CodeIgniter->runController(Object(App\Controllers\Chat))
#7 C:\xampp\htdocs\klinik-muhammadiyah\system\CodeIgniter.php(326): CodeIgniter\CodeIgniter->handleRequest(NULL, Object(Config\Cache), false)
#8 C:\xampp\htdocs\klinik-muhammadiyah\public\index.php(37): CodeIgniter\CodeIgniter->run()
#9 C:\xampp\htdocs\klinik-muhammadiyah\system\Commands\Server\rewrite.php(43): require_once('C:\\xampp\\htdocs...')
#10 {main}
CRITICAL - 2022-07-17 00:20:06 --> Undefined index: aksi
#0 C:\xampp\htdocs\klinik-muhammadiyah\app\Views\chat\v_chat.php(74): CodeIgniter\Debug\Exceptions->errorHandler(8, 'Undefined index...', 'C:\\xampp\\htdocs...', 74, Array)
#1 C:\xampp\htdocs\klinik-muhammadiyah\system\View\View.php(210): include('C:\\xampp\\htdocs...')
#2 C:\xampp\htdocs\klinik-muhammadiyah\system\View\View.php(213): CodeIgniter\View\View->CodeIgniter\View\{closure}()
#3 C:\xampp\htdocs\klinik-muhammadiyah\system\Common.php(1089): CodeIgniter\View\View->render('chat/v_chat', Array, true)
#4 C:\xampp\htdocs\klinik-muhammadiyah\app\Controllers\Chat.php(35): view('chat/v_chat', Array)
#5 C:\xampp\htdocs\klinik-muhammadiyah\system\CodeIgniter.php(832): App\Controllers\Chat->chat('8')
#6 C:\xampp\htdocs\klinik-muhammadiyah\system\CodeIgniter.php(419): CodeIgniter\CodeIgniter->runController(Object(App\Controllers\Chat))
#7 C:\xampp\htdocs\klinik-muhammadiyah\system\CodeIgniter.php(326): CodeIgniter\CodeIgniter->handleRequest(NULL, Object(Config\Cache), false)
#8 C:\xampp\htdocs\klinik-muhammadiyah\public\index.php(37): CodeIgniter\CodeIgniter->run()
#9 C:\xampp\htdocs\klinik-muhammadiyah\system\Commands\Server\rewrite.php(43): require_once('C:\\xampp\\htdocs...')
#10 {main}
CRITICAL - 2022-07-17 00:20:07 --> Undefined index: aksi
#0 C:\xampp\htdocs\klinik-muhammadiyah\app\Views\chat\v_chat.php(74): CodeIgniter\Debug\Exceptions->errorHandler(8, 'Undefined index...', 'C:\\xampp\\htdocs...', 74, Array)
#1 C:\xampp\htdocs\klinik-muhammadiyah\system\View\View.php(210): include('C:\\xampp\\htdocs...')
#2 C:\xampp\htdocs\klinik-muhammadiyah\system\View\View.php(213): CodeIgniter\View\View->CodeIgniter\View\{closure}()
#3 C:\xampp\htdocs\klinik-muhammadiyah\system\Common.php(1089): CodeIgniter\View\View->render('chat/v_chat', Array, true)
#4 C:\xampp\htdocs\klinik-muhammadiyah\app\Controllers\Chat.php(35): view('chat/v_chat', Array)
#5 C:\xampp\htdocs\klinik-muhammadiyah\system\CodeIgniter.php(832): App\Controllers\Chat->chat('8')
#6 C:\xampp\htdocs\klinik-muhammadiyah\system\CodeIgniter.php(419): CodeIgniter\CodeIgniter->runController(Object(App\Controllers\Chat))
#7 C:\xampp\htdocs\klinik-muhammadiyah\system\CodeIgniter.php(326): CodeIgniter\CodeIgniter->handleRequest(NULL, Object(Config\Cache), false)
#8 C:\xampp\htdocs\klinik-muhammadiyah\public\index.php(37): CodeIgniter\CodeIgniter->run()
#9 C:\xampp\htdocs\klinik-muhammadiyah\system\Commands\Server\rewrite.php(43): require_once('C:\\xampp\\htdocs...')
#10 {main}
ERROR - 2022-07-17 00:30:42 --> You have an error in your SQL syntax; check the manual that corresponds to your MariaDB server version for the right syntax to use near 'FORM chat WHERE id_user = '12' and aksi = '2'' at line 1
CRITICAL - 2022-07-17 00:30:42 --> You have an error in your SQL syntax; check the manual that corresponds to your MariaDB server version for the right syntax to use near 'FORM chat WHERE id_user = '12' and aksi = '2'' at line 1
#0 C:\xampp\htdocs\klinik-muhammadiyah\system\Database\MySQLi\Connection.php(292): mysqli->query('SELECT * FORM c...', 0)
#1 C:\xampp\htdocs\klinik-muhammadiyah\system\Database\BaseConnection.php(670): CodeIgniter\Database\MySQLi\Connection->execute('SELECT * FORM c...')
#2 C:\xampp\htdocs\klinik-muhammadiyah\system\Database\BaseConnection.php(598): CodeIgniter\Database\BaseConnection->simpleQuery('SELECT * FORM c...')
#3 C:\xampp\htdocs\klinik-muhammadiyah\app\Views\chat\v_chat.php(78): CodeIgniter\Database\BaseConnection->query('SELECT * FORM c...')
#4 C:\xampp\htdocs\klinik-muhammadiyah\system\View\View.php(210): include('C:\\xampp\\htdocs...')
#5 C:\xampp\htdocs\klinik-muhammadiyah\system\View\View.php(213): CodeIgniter\View\View->CodeIgniter\View\{closure}()
#6 C:\xampp\htdocs\klinik-muhammadiyah\system\Common.php(1089): CodeIgniter\View\View->render('chat/v_chat', Array, true)
#7 C:\xampp\htdocs\klinik-muhammadiyah\app\Controllers\Chat.php(35): view('chat/v_chat', Array)
#8 C:\xampp\htdocs\klinik-muhammadiyah\system\CodeIgniter.php(832): App\Controllers\Chat->chat('8')
#9 C:\xampp\htdocs\klinik-muhammadiyah\system\CodeIgniter.php(419): CodeIgniter\CodeIgniter->runController(Object(App\Controllers\Chat))
#10 C:\xampp\htdocs\klinik-muhammadiyah\system\CodeIgniter.php(326): CodeIgniter\CodeIgniter->handleRequest(NULL, Object(Config\Cache), false)
#11 C:\xampp\htdocs\klinik-muhammadiyah\public\index.php(37): CodeIgniter\CodeIgniter->run()
#12 C:\xampp\htdocs\klinik-muhammadiyah\system\Commands\Server\rewrite.php(43): require_once('C:\\xampp\\htdocs...')
#13 {main}
ERROR - 2022-07-17 00:30:44 --> You have an error in your SQL syntax; check the manual that corresponds to your MariaDB server version for the right syntax to use near 'FORM chat WHERE id_user = '12' and aksi = '2'' at line 1
CRITICAL - 2022-07-17 00:30:44 --> You have an error in your SQL syntax; check the manual that corresponds to your MariaDB server version for the right syntax to use near 'FORM chat WHERE id_user = '12' and aksi = '2'' at line 1
#0 C:\xampp\htdocs\klinik-muhammadiyah\system\Database\MySQLi\Connection.php(292): mysqli->query('SELECT * FORM c...', 0)
#1 C:\xampp\htdocs\klinik-muhammadiyah\system\Database\BaseConnection.php(670): CodeIgniter\Database\MySQLi\Connection->execute('SELECT * FORM c...')
#2 C:\xampp\htdocs\klinik-muhammadiyah\system\Database\BaseConnection.php(598): CodeIgniter\Database\BaseConnection->simpleQuery('SELECT * FORM c...')
#3 C:\xampp\htdocs\klinik-muhammadiyah\app\Views\chat\v_chat.php(78): CodeIgniter\Database\BaseConnection->query('SELECT * FORM c...')
#4 C:\xampp\htdocs\klinik-muhammadiyah\system\View\View.php(210): include('C:\\xampp\\htdocs...')
#5 C:\xampp\htdocs\klinik-muhammadiyah\system\View\View.php(213): CodeIgniter\View\View->CodeIgniter\View\{closure}()
#6 C:\xampp\htdocs\klinik-muhammadiyah\system\Common.php(1089): CodeIgniter\View\View->render('chat/v_chat', Array, true)
#7 C:\xampp\htdocs\klinik-muhammadiyah\app\Controllers\Chat.php(35): view('chat/v_chat', Array)
#8 C:\xampp\htdocs\klinik-muhammadiyah\system\CodeIgniter.php(832): App\Controllers\Chat->chat('8')
#9 C:\xampp\htdocs\klinik-muhammadiyah\system\CodeIgniter.php(419): CodeIgniter\CodeIgniter->runController(Object(App\Controllers\Chat))
#10 C:\xampp\htdocs\klinik-muhammadiyah\system\CodeIgniter.php(326): CodeIgniter\CodeIgniter->handleRequest(NULL, Object(Config\Cache), false)
#11 C:\xampp\htdocs\klinik-muhammadiyah\public\index.php(37): CodeIgniter\CodeIgniter->run()
#12 C:\xampp\htdocs\klinik-muhammadiyah\system\Commands\Server\rewrite.php(43): require_once('C:\\xampp\\htdocs...')
#13 {main}
CRITICAL - 2022-07-17 00:33:36 --> Cannot use object of type stdClass as array
#0 C:\xampp\htdocs\klinik-muhammadiyah\system\View\View.php(210): include()
#1 C:\xampp\htdocs\klinik-muhammadiyah\system\View\View.php(213): CodeIgniter\View\View->CodeIgniter\View\{closure}()
#2 C:\xampp\htdocs\klinik-muhammadiyah\system\Common.php(1089): CodeIgniter\View\View->render('chat/v_chat', Array, true)
#3 C:\xampp\htdocs\klinik-muhammadiyah\app\Controllers\Chat.php(35): view('chat/v_chat', Array)
#4 C:\xampp\htdocs\klinik-muhammadiyah\system\CodeIgniter.php(832): App\Controllers\Chat->chat('8')
#5 C:\xampp\htdocs\klinik-muhammadiyah\system\CodeIgniter.php(419): CodeIgniter\CodeIgniter->runController(Object(App\Controllers\Chat))
#6 C:\xampp\htdocs\klinik-muhammadiyah\system\CodeIgniter.php(326): CodeIgniter\CodeIgniter->handleRequest(NULL, Object(Config\Cache), false)
#7 C:\xampp\htdocs\klinik-muhammadiyah\public\index.php(37): CodeIgniter\CodeIgniter->run()
#8 C:\xampp\htdocs\klinik-muhammadiyah\system\Commands\Server\rewrite.php(43): require_once('C:\\xampp\\htdocs...')
#9 {main}
CRITICAL - 2022-07-17 00:37:24 --> Undefined variable: cht
#0 C:\xampp\htdocs\klinik-muhammadiyah\app\Views\chat\v_chat.php(69): CodeIgniter\Debug\Exceptions->errorHandler(8, 'Undefined varia...', 'C:\\xampp\\htdocs...', 69, Array)
#1 C:\xampp\htdocs\klinik-muhammadiyah\system\View\View.php(210): include('C:\\xampp\\htdocs...')
#2 C:\xampp\htdocs\klinik-muhammadiyah\system\View\View.php(213): CodeIgniter\View\View->CodeIgniter\View\{closure}()
#3 C:\xampp\htdocs\klinik-muhammadiyah\system\Common.php(1089): CodeIgniter\View\View->render('chat/v_chat', Array, true)
#4 C:\xampp\htdocs\klinik-muhammadiyah\app\Controllers\Chat.php(35): view('chat/v_chat', Array)
#5 C:\xampp\htdocs\klinik-muhammadiyah\system\CodeIgniter.php(832): App\Controllers\Chat->chat('8')
#6 C:\xampp\htdocs\klinik-muhammadiyah\system\CodeIgniter.php(419): CodeIgniter\CodeIgniter->runController(Object(App\Controllers\Chat))
#7 C:\xampp\htdocs\klinik-muhammadiyah\system\CodeIgniter.php(326): CodeIgniter\CodeIgniter->handleRequest(NULL, Object(Config\Cache), false)
#8 C:\xampp\htdocs\klinik-muhammadiyah\public\index.php(37): CodeIgniter\CodeIgniter->run()
#9 C:\xampp\htdocs\klinik-muhammadiyah\system\Commands\Server\rewrite.php(43): require_once('C:\\xampp\\htdocs...')
#10 {main}
CRITICAL - 2022-07-17 01:35:26 --> Undefined variable: d
#0 C:\xampp\htdocs\klinik-muhammadiyah\app\Views\chat\v_dkonsultasidokter.php(35): CodeIgniter\Debug\Exceptions->errorHandler(8, 'Undefined varia...', 'C:\\xampp\\htdocs...', 35, Array)
#1 C:\xampp\htdocs\klinik-muhammadiyah\system\View\View.php(210): include('C:\\xampp\\htdocs...')
#2 C:\xampp\htdocs\klinik-muhammadiyah\system\View\View.php(213): CodeIgniter\View\View->CodeIgniter\View\{closure}()
#3 C:\xampp\htdocs\klinik-muhammadiyah\system\Common.php(1089): CodeIgniter\View\View->render('/chat/v_dkonsul...', Array, true)
#4 C:\xampp\htdocs\klinik-muhammadiyah\app\Controllers\Konsultasi.php(17): view('/chat/v_dkonsul...')
#5 C:\xampp\htdocs\klinik-muhammadiyah\system\CodeIgniter.php(832): App\Controllers\Konsultasi->index()
#6 C:\xampp\htdocs\klinik-muhammadiyah\system\CodeIgniter.php(419): CodeIgniter\CodeIgniter->runController(Object(App\Controllers\Konsultasi))
#7 C:\xampp\htdocs\klinik-muhammadiyah\system\CodeIgniter.php(326): CodeIgniter\CodeIgniter->handleRequest(NULL, Object(Config\Cache), false)
#8 C:\xampp\htdocs\klinik-muhammadiyah\public\index.php(37): CodeIgniter\CodeIgniter->run()
#9 C:\xampp\htdocs\klinik-muhammadiyah\system\Commands\Server\rewrite.php(43): require_once('C:\\xampp\\htdocs...')
#10 {main}
CRITICAL - 2022-07-17 02:02:30 --> Call to a member function getRandomName() on null
#0 C:\xampp\htdocs\klinik-muhammadiyah\system\CodeIgniter.php(832): App\Controllers\Dokter->tdokterAksi()
#1 C:\xampp\htdocs\klinik-muhammadiyah\system\CodeIgniter.php(419): CodeIgniter\CodeIgniter->runController(Object(App\Controllers\Dokter))
#2 C:\xampp\htdocs\klinik-muhammadiyah\system\CodeIgniter.php(326): CodeIgniter\CodeIgniter->handleRequest(NULL, Object(Config\Cache), false)
#3 C:\xampp\htdocs\klinik-muhammadiyah\public\index.php(37): CodeIgniter\CodeIgniter->run()
#4 C:\xampp\htdocs\klinik-muhammadiyah\system\Commands\Server\rewrite.php(43): require_once('C:\\xampp\\htdocs...')
#5 {main}
ERROR - 2022-07-17 02:11:21 --> Column 'id_dokter' in where clause is ambiguous
CRITICAL - 2022-07-17 02:11:21 --> Column 'id_dokter' in where clause is ambiguous
#0 C:\xampp\htdocs\klinik-muhammadiyah\system\Database\MySQLi\Connection.php(292): mysqli->query('SELECT *\nFROM `...', 0)
#1 C:\xampp\htdocs\klinik-muhammadiyah\system\Database\BaseConnection.php(670): CodeIgniter\Database\MySQLi\Connection->execute('SELECT *\nFROM `...')
#2 C:\xampp\htdocs\klinik-muhammadiyah\system\Database\BaseConnection.php(598): CodeIgniter\Database\BaseConnection->simpleQuery('SELECT *\nFROM `...')
#3 C:\xampp\htdocs\klinik-muhammadiyah\system\Database\BaseBuilder.php(1455): CodeIgniter\Database\BaseConnection->query('SELECT *\nFROM `...', Array, false)
#4 C:\xampp\htdocs\klinik-muhammadiyah\app\Models\M_chat.php(27): CodeIgniter\Database\BaseBuilder->get()
#5 C:\xampp\htdocs\klinik-muhammadiyah\app\Controllers\Konsultasi.php(18): App\Models\M_chat->dataKosultasi()
#6 C:\xampp\htdocs\klinik-muhammadiyah\system\CodeIgniter.php(832): App\Controllers\Konsultasi->index()
#7 C:\xampp\htdocs\klinik-muhammadiyah\system\CodeIgniter.php(419): CodeIgniter\CodeIgniter->runController(Object(App\Controllers\Konsultasi))
#8 C:\xampp\htdocs\klinik-muhammadiyah\system\CodeIgniter.php(326): CodeIgniter\CodeIgniter->handleRequest(NULL, Object(Config\Cache), false)
#9 C:\xampp\htdocs\klinik-muhammadiyah\public\index.php(37): CodeIgniter\CodeIgniter->run()
#10 C:\xampp\htdocs\klinik-muhammadiyah\system\Commands\Server\rewrite.php(43): require_once('C:\\xampp\\htdocs...')
#11 {main}
ERROR - 2022-07-17 02:11:41 --> Column 'id_dokter' in where clause is ambiguous
CRITICAL - 2022-07-17 02:11:41 --> Column 'id_dokter' in where clause is ambiguous
#0 C:\xampp\htdocs\klinik-muhammadiyah\system\Database\MySQLi\Connection.php(292): mysqli->query('SELECT *\nFROM `...', 0)
#1 C:\xampp\htdocs\klinik-muhammadiyah\system\Database\BaseConnection.php(670): CodeIgniter\Database\MySQLi\Connection->execute('SELECT *\nFROM `...')
#2 C:\xampp\htdocs\klinik-muhammadiyah\system\Database\BaseConnection.php(598): CodeIgniter\Database\BaseConnection->simpleQuery('SELECT *\nFROM `...')
#3 C:\xampp\htdocs\klinik-muhammadiyah\system\Database\BaseBuilder.php(1455): CodeIgniter\Database\BaseConnection->query('SELECT *\nFROM `...', Array, false)
#4 C:\xampp\htdocs\klinik-muhammadiyah\app\Models\M_chat.php(28): CodeIgniter\Database\BaseBuilder->get()
#5 C:\xampp\htdocs\klinik-muhammadiyah\app\Controllers\Konsultasi.php(18): App\Models\M_chat->dataKosultasi()
#6 C:\xampp\htdocs\klinik-muhammadiyah\system\CodeIgniter.php(832): App\Controllers\Konsultasi->index()
#7 C:\xampp\htdocs\klinik-muhammadiyah\system\CodeIgniter.php(419): CodeIgniter\CodeIgniter->runController(Object(App\Controllers\Konsultasi))
#8 C:\xampp\htdocs\klinik-muhammadiyah\system\CodeIgniter.php(326): CodeIgniter\CodeIgniter->handleRequest(NULL, Object(Config\Cache), false)
#9 C:\xampp\htdocs\klinik-muhammadiyah\public\index.php(37): CodeIgniter\CodeIgniter->run()
#10 C:\xampp\htdocs\klinik-muhammadiyah\system\Commands\Server\rewrite.php(43): require_once('C:\\xampp\\htdocs...')
#11 {main}
ERROR - 2022-07-17 02:11:42 --> Column 'id_dokter' in where clause is ambiguous
CRITICAL - 2022-07-17 02:11:42 --> Column 'id_dokter' in where clause is ambiguous
#0 C:\xampp\htdocs\klinik-muhammadiyah\system\Database\MySQLi\Connection.php(292): mysqli->query('SELECT *\nFROM `...', 0)
#1 C:\xampp\htdocs\klinik-muhammadiyah\system\Database\BaseConnection.php(670): CodeIgniter\Database\MySQLi\Connection->execute('SELECT *\nFROM `...')
#2 C:\xampp\htdocs\klinik-muhammadiyah\system\Database\BaseConnection.php(598): CodeIgniter\Database\BaseConnection->simpleQuery('SELECT *\nFROM `...')
#3 C:\xampp\htdocs\klinik-muhammadiyah\system\Database\BaseBuilder.php(1455): CodeIgniter\Database\BaseConnection->query('SELECT *\nFROM `...', Array, false)
#4 C:\xampp\htdocs\klinik-muhammadiyah\app\Models\M_chat.php(28): CodeIgniter\Database\BaseBuilder->get()
#5 C:\xampp\htdocs\klinik-muhammadiyah\app\Controllers\Konsultasi.php(18): App\Models\M_chat->dataKosultasi()
#6 C:\xampp\htdocs\klinik-muhammadiyah\system\CodeIgniter.php(832): App\Controllers\Konsultasi->index()
#7 C:\xampp\htdocs\klinik-muhammadiyah\system\CodeIgniter.php(419): CodeIgniter\CodeIgniter->runController(Object(App\Controllers\Konsultasi))
#8 C:\xampp\htdocs\klinik-muhammadiyah\system\CodeIgniter.php(326): CodeIgniter\CodeIgniter->handleRequest(NULL, Object(Config\Cache), false)
#9 C:\xampp\htdocs\klinik-muhammadiyah\public\index.php(37): CodeIgniter\CodeIgniter->run()
#10 C:\xampp\htdocs\klinik-muhammadiyah\system\Commands\Server\rewrite.php(43): require_once('C:\\xampp\\htdocs...')
#11 {main}
ERROR - 2022-07-17 02:13:26 --> Column 'id_dokter' in where clause is ambiguous
CRITICAL - 2022-07-17 02:13:26 --> Column 'id_dokter' in where clause is ambiguous
#0 C:\xampp\htdocs\klinik-muhammadiyah\system\Database\MySQLi\Connection.php(292): mysqli->query('SELECT *\nFROM `...', 0)
#1 C:\xampp\htdocs\klinik-muhammadiyah\system\Database\BaseConnection.php(670): CodeIgniter\Database\MySQLi\Connection->execute('SELECT *\nFROM `...')
#2 C:\xampp\htdocs\klinik-muhammadiyah\system\Database\BaseConnection.php(598): CodeIgniter\Database\BaseConnection->simpleQuery('SELECT *\nFROM `...')
#3 C:\xampp\htdocs\klinik-muhammadiyah\system\Database\BaseBuilder.php(1455): CodeIgniter\Database\BaseConnection->query('SELECT *\nFROM `...', Array, false)
#4 C:\xampp\htdocs\klinik-muhammadiyah\app\Models\M_chat.php(27): CodeIgniter\Database\BaseBuilder->get()
#5 C:\xampp\htdocs\klinik-muhammadiyah\app\Controllers\Konsultasi.php(18): App\Models\M_chat->dataKosultasi()
#6 C:\xampp\htdocs\klinik-muhammadiyah\system\CodeIgniter.php(832): App\Controllers\Konsultasi->index()
#7 C:\xampp\htdocs\klinik-muhammadiyah\system\CodeIgniter.php(419): CodeIgniter\CodeIgniter->runController(Object(App\Controllers\Konsultasi))
#8 C:\xampp\htdocs\klinik-muhammadiyah\system\CodeIgniter.php(326): CodeIgniter\CodeIgniter->handleRequest(NULL, Object(Config\Cache), false)
#9 C:\xampp\htdocs\klinik-muhammadiyah\public\index.php(37): CodeIgniter\CodeIgniter->run()
#10 C:\xampp\htdocs\klinik-muhammadiyah\system\Commands\Server\rewrite.php(43): require_once('C:\\xampp\\htdocs...')
#11 {main}
ERROR - 2022-07-17 02:13:45 --> Column 'id_dokter' in where clause is ambiguous
CRITICAL - 2022-07-17 02:13:45 --> Column 'id_dokter' in where clause is ambiguous
#0 C:\xampp\htdocs\klinik-muhammadiyah\system\Database\MySQLi\Connection.php(292): mysqli->query('SELECT *\nFROM `...', 0)
#1 C:\xampp\htdocs\klinik-muhammadiyah\system\Database\BaseConnection.php(670): CodeIgniter\Database\MySQLi\Connection->execute('SELECT *\nFROM `...')
#2 C:\xampp\htdocs\klinik-muhammadiyah\system\Database\BaseConnection.php(598): CodeIgniter\Database\BaseConnection->simpleQuery('SELECT *\nFROM `...')
#3 C:\xampp\htdocs\klinik-muhammadiyah\system\Database\BaseBuilder.php(1588): CodeIgniter\Database\BaseConnection->query('SELECT *\nFROM `...', Array, false)
#4 C:\xampp\htdocs\klinik-muhammadiyah\app\Models\M_chat.php(27): CodeIgniter\Database\BaseBuilder->getWhere(Array)
#5 C:\xampp\htdocs\klinik-muhammadiyah\app\Controllers\Konsultasi.php(18): App\Models\M_chat->dataKosultasi()
#6 C:\xampp\htdocs\klinik-muhammadiyah\system\CodeIgniter.php(832): App\Controllers\Konsultasi->index()
#7 C:\xampp\htdocs\klinik-muhammadiyah\system\CodeIgniter.php(419): CodeIgniter\CodeIgniter->runController(Object(App\Controllers\Konsultasi))
#8 C:\xampp\htdocs\klinik-muhammadiyah\system\CodeIgniter.php(326): CodeIgniter\CodeIgniter->handleRequest(NULL, Object(Config\Cache), false)
#9 C:\xampp\htdocs\klinik-muhammadiyah\public\index.php(37): CodeIgniter\CodeIgniter->run()
#10 C:\xampp\htdocs\klinik-muhammadiyah\system\Commands\Server\rewrite.php(43): require_once('C:\\xampp\\htdocs...')
#11 {main}
ERROR - 2022-07-17 02:13:46 --> Column 'id_dokter' in where clause is ambiguous
CRITICAL - 2022-07-17 02:13:46 --> Column 'id_dokter' in where clause is ambiguous
#0 C:\xampp\htdocs\klinik-muhammadiyah\system\Database\MySQLi\Connection.php(292): mysqli->query('SELECT *\nFROM `...', 0)
#1 C:\xampp\htdocs\klinik-muhammadiyah\system\Database\BaseConnection.php(670): CodeIgniter\Database\MySQLi\Connection->execute('SELECT *\nFROM `...')
#2 C:\xampp\htdocs\klinik-muhammadiyah\system\Database\BaseConnection.php(598): CodeIgniter\Database\BaseConnection->simpleQuery('SELECT *\nFROM `...')
#3 C:\xampp\htdocs\klinik-muhammadiyah\system\Database\BaseBuilder.php(1588): CodeIgniter\Database\BaseConnection->query('SELECT *\nFROM `...', Array, false)
#4 C:\xampp\htdocs\klinik-muhammadiyah\app\Models\M_chat.php(27): CodeIgniter\Database\BaseBuilder->getWhere(Array)
#5 C:\xampp\htdocs\klinik-muhammadiyah\app\Controllers\Konsultasi.php(18): App\Models\M_chat->dataKosultasi()
#6 C:\xampp\htdocs\klinik-muhammadiyah\system\CodeIgniter.php(832): App\Controllers\Konsultasi->index()
#7 C:\xampp\htdocs\klinik-muhammadiyah\system\CodeIgniter.php(419): CodeIgniter\CodeIgniter->runController(Object(App\Controllers\Konsultasi))
#8 C:\xampp\htdocs\klinik-muhammadiyah\system\CodeIgniter.php(326): CodeIgniter\CodeIgniter->handleRequest(NULL, Object(Config\Cache), false)
#9 C:\xampp\htdocs\klinik-muhammadiyah\public\index.php(37): CodeIgniter\CodeIgniter->run()
#10 C:\xampp\htdocs\klinik-muhammadiyah\system\Commands\Server\rewrite.php(43): require_once('C:\\xampp\\htdocs...')
#11 {main}
ERROR - 2022-07-17 02:24:02 --> Column 'id_dokter' in where clause is ambiguous
CRITICAL - 2022-07-17 02:24:02 --> Column 'id_dokter' in where clause is ambiguous
#0 C:\xampp\htdocs\klinik-muhammadiyah\system\Database\MySQLi\Connection.php(292): mysqli->query('SELECT *\nFROM `...', 0)
#1 C:\xampp\htdocs\klinik-muhammadiyah\system\Database\BaseConnection.php(670): CodeIgniter\Database\MySQLi\Connection->execute('SELECT *\nFROM `...')
#2 C:\xampp\htdocs\klinik-muhammadiyah\system\Database\BaseConnection.php(598): CodeIgniter\Database\BaseConnection->simpleQuery('SELECT *\nFROM `...')
#3 C:\xampp\htdocs\klinik-muhammadiyah\system\Database\BaseBuilder.php(1588): CodeIgniter\Database\BaseConnection->query('SELECT *\nFROM `...', Array, false)
#4 C:\xampp\htdocs\klinik-muhammadiyah\app\Models\M_chat.php(27): CodeIgniter\Database\BaseBuilder->getWhere(Array)
#5 C:\xampp\htdocs\klinik-muhammadiyah\app\Controllers\Konsultasi.php(18): App\Models\M_chat->dataKosultasi()
#6 C:\xampp\htdocs\klinik-muhammadiyah\system\CodeIgniter.php(832): App\Controllers\Konsultasi->index()
#7 C:\xampp\htdocs\klinik-muhammadiyah\system\CodeIgniter.php(419): CodeIgniter\CodeIgniter->runController(Object(App\Controllers\Konsultasi))
#8 C:\xampp\htdocs\klinik-muhammadiyah\system\CodeIgniter.php(326): CodeIgniter\CodeIgniter->handleRequest(NULL, Object(Config\Cache), false)
#9 C:\xampp\htdocs\klinik-muhammadiyah\public\index.php(37): CodeIgniter\CodeIgniter->run()
#10 C:\xampp\htdocs\klinik-muhammadiyah\system\Commands\Server\rewrite.php(43): require_once('C:\\xampp\\htdocs...')
#11 {main}
CRITICAL - 2022-07-17 02:24:17 --> Trying to get property 'id_user' of non-object
#0 C:\xampp\htdocs\klinik-muhammadiyah\app\Views\chat\v_dkonsultasidokter.php(37): CodeIgniter\Debug\Exceptions->errorHandler(8, 'Trying to get p...', 'C:\\xampp\\htdocs...', 37, Array)
#1 C:\xampp\htdocs\klinik-muhammadiyah\system\View\View.php(210): include('C:\\xampp\\htdocs...')
#2 C:\xampp\htdocs\klinik-muhammadiyah\system\View\View.php(213): CodeIgniter\View\View->CodeIgniter\View\{closure}()
#3 C:\xampp\htdocs\klinik-muhammadiyah\system\Common.php(1089): CodeIgniter\View\View->render('/chat/v_dkonsul...', Array, true)
#4 C:\xampp\htdocs\klinik-muhammadiyah\app\Controllers\Konsultasi.php(20): view('/chat/v_dkonsul...', Array)
#5 C:\xampp\htdocs\klinik-muhammadiyah\system\CodeIgniter.php(832): App\Controllers\Konsultasi->index()
#6 C:\xampp\htdocs\klinik-muhammadiyah\system\CodeIgniter.php(419): CodeIgniter\CodeIgniter->runController(Object(App\Controllers\Konsultasi))
#7 C:\xampp\htdocs\klinik-muhammadiyah\system\CodeIgniter.php(326): CodeIgniter\CodeIgniter->handleRequest(NULL, Object(Config\Cache), false)
#8 C:\xampp\htdocs\klinik-muhammadiyah\public\index.php(37): CodeIgniter\CodeIgniter->run()
#9 C:\xampp\htdocs\klinik-muhammadiyah\system\Commands\Server\rewrite.php(43): require_once('C:\\xampp\\htdocs...')
#10 {main}
CRITICAL - 2022-07-17 02:26:51 --> Call to undefined method CodeIgniter\Database\MySQLi\Builder::getResult()
#0 C:\xampp\htdocs\klinik-muhammadiyah\app\Controllers\Konsultasi.php(18): App\Models\M_chat->dataKosultasi()
#1 C:\xampp\htdocs\klinik-muhammadiyah\system\CodeIgniter.php(832): App\Controllers\Konsultasi->index()
#2 C:\xampp\htdocs\klinik-muhammadiyah\system\CodeIgniter.php(419): CodeIgniter\CodeIgniter->runController(Object(App\Controllers\Konsultasi))
#3 C:\xampp\htdocs\klinik-muhammadiyah\system\CodeIgniter.php(326): CodeIgniter\CodeIgniter->handleRequest(NULL, Object(Config\Cache), false)
#4 C:\xampp\htdocs\klinik-muhammadiyah\public\index.php(37): CodeIgniter\CodeIgniter->run()
#5 C:\xampp\htdocs\klinik-muhammadiyah\system\Commands\Server\rewrite.php(43): require_once('C:\\xampp\\htdocs...')
#6 {main}
ERROR - 2022-07-17 02:27:05 --> Column 'id_dokter' in where clause is ambiguous
CRITICAL - 2022-07-17 02:27:05 --> Column 'id_dokter' in where clause is ambiguous
#0 C:\xampp\htdocs\klinik-muhammadiyah\system\Database\MySQLi\Connection.php(292): mysqli->query('SELECT *\nFROM `...', 0)
#1 C:\xampp\htdocs\klinik-muhammadiyah\system\Database\BaseConnection.php(670): CodeIgniter\Database\MySQLi\Connection->execute('SELECT *\nFROM `...')
#2 C:\xampp\htdocs\klinik-muhammadiyah\system\Database\BaseConnection.php(598): CodeIgniter\Database\BaseConnection->simpleQuery('SELECT *\nFROM `...')
#3 C:\xampp\htdocs\klinik-muhammadiyah\system\Database\BaseBuilder.php(1455): CodeIgniter\Database\BaseConnection->query('SELECT *\nFROM `...', Array, false)
#4 C:\xampp\htdocs\klinik-muhammadiyah\app\Models\M_chat.php(27): CodeIgniter\Database\BaseBuilder->get()
#5 C:\xampp\htdocs\klinik-muhammadiyah\app\Controllers\Konsultasi.php(18): App\Models\M_chat->dataKosultasi()
#6 C:\xampp\htdocs\klinik-muhammadiyah\system\CodeIgniter.php(832): App\Controllers\Konsultasi->index()
#7 C:\xampp\htdocs\klinik-muhammadiyah\system\CodeIgniter.php(419): CodeIgniter\CodeIgniter->runController(Object(App\Controllers\Konsultasi))
#8 C:\xampp\htdocs\klinik-muhammadiyah\system\CodeIgniter.php(326): CodeIgniter\CodeIgniter->handleRequest(NULL, Object(Config\Cache), false)
#9 C:\xampp\htdocs\klinik-muhammadiyah\public\index.php(37): CodeIgniter\CodeIgniter->run()
#10 C:\xampp\htdocs\klinik-muhammadiyah\system\Commands\Server\rewrite.php(43): require_once('C:\\xampp\\htdocs...')
#11 {main}
ERROR - 2022-07-17 02:27:52 --> Column 'id_dokter' in where clause is ambiguous
CRITICAL - 2022-07-17 02:27:52 --> Column 'id_dokter' in where clause is ambiguous
#0 C:\xampp\htdocs\klinik-muhammadiyah\system\Database\MySQLi\Connection.php(292): mysqli->query('SELECT *\nFROM `...', 0)
#1 C:\xampp\htdocs\klinik-muhammadiyah\system\Database\BaseConnection.php(670): CodeIgniter\Database\MySQLi\Connection->execute('SELECT *\nFROM `...')
#2 C:\xampp\htdocs\klinik-muhammadiyah\system\Database\BaseConnection.php(598): CodeIgniter\Database\BaseConnection->simpleQuery('SELECT *\nFROM `...')
#3 C:\xampp\htdocs\klinik-muhammadiyah\system\Database\BaseBuilder.php(1455): CodeIgniter\Database\BaseConnection->query('SELECT *\nFROM `...', Array, false)
#4 C:\xampp\htdocs\klinik-muhammadiyah\app\Models\M_chat.php(28): CodeIgniter\Database\BaseBuilder->get()
#5 C:\xampp\htdocs\klinik-muhammadiyah\app\Controllers\Konsultasi.php(18): App\Models\M_chat->dataKosultasi()
#6 C:\xampp\htdocs\klinik-muhammadiyah\system\CodeIgniter.php(832): App\Controllers\Konsultasi->index()
#7 C:\xampp\htdocs\klinik-muhammadiyah\system\CodeIgniter.php(419): CodeIgniter\CodeIgniter->runController(Object(App\Controllers\Konsultasi))
#8 C:\xampp\htdocs\klinik-muhammadiyah\system\CodeIgniter.php(326): CodeIgniter\CodeIgniter->handleRequest(NULL, Object(Config\Cache), false)
#9 C:\xampp\htdocs\klinik-muhammadiyah\public\index.php(37): CodeIgniter\CodeIgniter->run()
#10 C:\xampp\htdocs\klinik-muhammadiyah\system\Commands\Server\rewrite.php(43): require_once('C:\\xampp\\htdocs...')
#11 {main}
ERROR - 2022-07-17 02:27:54 --> Column 'id_dokter' in where clause is ambiguous
CRITICAL - 2022-07-17 02:27:54 --> Column 'id_dokter' in where clause is ambiguous
#0 C:\xampp\htdocs\klinik-muhammadiyah\system\Database\MySQLi\Connection.php(292): mysqli->query('SELECT *\nFROM `...', 0)
#1 C:\xampp\htdocs\klinik-muhammadiyah\system\Database\BaseConnection.php(670): CodeIgniter\Database\MySQLi\Connection->execute('SELECT *\nFROM `...')
#2 C:\xampp\htdocs\klinik-muhammadiyah\system\Database\BaseConnection.php(598): CodeIgniter\Database\BaseConnection->simpleQuery('SELECT *\nFROM `...')
#3 C:\xampp\htdocs\klinik-muhammadiyah\system\Database\BaseBuilder.php(1455): CodeIgniter\Database\BaseConnection->query('SELECT *\nFROM `...', Array, false)
#4 C:\xampp\htdocs\klinik-muhammadiyah\app\Models\M_chat.php(28): CodeIgniter\Database\BaseBuilder->get()
#5 C:\xampp\htdocs\klinik-muhammadiyah\app\Controllers\Konsultasi.php(18): App\Models\M_chat->dataKosultasi()
#6 C:\xampp\htdocs\klinik-muhammadiyah\system\CodeIgniter.php(832): App\Controllers\Konsultasi->index()
#7 C:\xampp\htdocs\klinik-muhammadiyah\system\CodeIgniter.php(419): CodeIgniter\CodeIgniter->runController(Object(App\Controllers\Konsultasi))
#8 C:\xampp\htdocs\klinik-muhammadiyah\system\CodeIgniter.php(326): CodeIgniter\CodeIgniter->handleRequest(NULL, Object(Config\Cache), false)
#9 C:\xampp\htdocs\klinik-muhammadiyah\public\index.php(37): CodeIgniter\CodeIgniter->run()
#10 C:\xampp\htdocs\klinik-muhammadiyah\system\Commands\Server\rewrite.php(43): require_once('C:\\xampp\\htdocs...')
#11 {main}
CRITICAL - 2022-07-17 02:43:02 --> Trying to get property 'id_pasien' of non-object
#0 C:\xampp\htdocs\klinik-muhammadiyah\app\Views\chat\v_dkonsultasidokter.php(38): CodeIgniter\Debug\Exceptions->errorHandler(8, 'Trying to get p...', 'C:\\xampp\\htdocs...', 38, Array)
#1 C:\xampp\htdocs\klinik-muhammadiyah\system\View\View.php(210): include('C:\\xampp\\htdocs...')
#2 C:\xampp\htdocs\klinik-muhammadiyah\system\View\View.php(213): CodeIgniter\View\View->CodeIgniter\View\{closure}()
#3 C:\xampp\htdocs\klinik-muhammadiyah\system\Common.php(1089): CodeIgniter\View\View->render('/chat/v_dkonsul...', Array, true)
#4 C:\xampp\htdocs\klinik-muhammadiyah\app\Controllers\Konsultasi.php(20): view('/chat/v_dkonsul...', Array)
#5 C:\xampp\htdocs\klinik-muhammadiyah\system\CodeIgniter.php(832): App\Controllers\Konsultasi->index()
#6 C:\xampp\htdocs\klinik-muhammadiyah\system\CodeIgniter.php(419): CodeIgniter\CodeIgniter->runController(Object(App\Controllers\Konsultasi))
#7 C:\xampp\htdocs\klinik-muhammadiyah\system\CodeIgniter.php(326): CodeIgniter\CodeIgniter->handleRequest(NULL, Object(Config\Cache), false)
#8 C:\xampp\htdocs\klinik-muhammadiyah\public\index.php(37): CodeIgniter\CodeIgniter->run()
#9 C:\xampp\htdocs\klinik-muhammadiyah\system\Commands\Server\rewrite.php(43): require_once('C:\\xampp\\htdocs...')
#10 {main}
CRITICAL - 2022-07-17 02:43:47 --> syntax error, unexpected '?>'
#0 C:\xampp\htdocs\klinik-muhammadiyah\system\View\View.php(213): CodeIgniter\View\View->CodeIgniter\View\{closure}()
#1 C:\xampp\htdocs\klinik-muhammadiyah\system\Common.php(1089): CodeIgniter\View\View->render('/chat/v_dkonsul...', Array, true)
#2 C:\xampp\htdocs\klinik-muhammadiyah\app\Controllers\Konsultasi.php(20): view('/chat/v_dkonsul...', Array)
#3 C:\xampp\htdocs\klinik-muhammadiyah\system\CodeIgniter.php(832): App\Controllers\Konsultasi->index()
#4 C:\xampp\htdocs\klinik-muhammadiyah\system\CodeIgniter.php(419): CodeIgniter\CodeIgniter->runController(Object(App\Controllers\Konsultasi))
#5 C:\xampp\htdocs\klinik-muhammadiyah\system\CodeIgniter.php(326): CodeIgniter\CodeIgniter->handleRequest(NULL, Object(Config\Cache), false)
#6 C:\xampp\htdocs\klinik-muhammadiyah\public\index.php(37): CodeIgniter\CodeIgniter->run()
#7 C:\xampp\htdocs\klinik-muhammadiyah\system\Commands\Server\rewrite.php(43): require_once('C:\\xampp\\htdocs...')
#8 {main}
CRITICAL - 2022-07-17 03:12:48 --> Undefined variable: data
#0 C:\xampp\htdocs\klinik-muhammadiyah\app\Views\chat\v_chatdokter.php(10): CodeIgniter\Debug\Exceptions->errorHandler(8, 'Undefined varia...', 'C:\\xampp\\htdocs...', 10, Array)
#1 C:\xampp\htdocs\klinik-muhammadiyah\system\View\View.php(210): include('C:\\xampp\\htdocs...')
#2 C:\xampp\htdocs\klinik-muhammadiyah\system\View\View.php(213): CodeIgniter\View\View->CodeIgniter\View\{closure}()
#3 C:\xampp\htdocs\klinik-muhammadiyah\system\Common.php(1089): CodeIgniter\View\View->render('chat/v_chatdokt...', Array, true)
#4 C:\xampp\htdocs\klinik-muhammadiyah\app\Controllers\Chat.php(39): view('chat/v_chatdokt...')
#5 C:\xampp\htdocs\klinik-muhammadiyah\system\CodeIgniter.php(832): App\Controllers\Chat->chatDokter()
#6 C:\xampp\htdocs\klinik-muhammadiyah\system\CodeIgniter.php(419): CodeIgniter\CodeIgniter->runController(Object(App\Controllers\Chat))
#7 C:\xampp\htdocs\klinik-muhammadiyah\system\CodeIgniter.php(326): CodeIgniter\CodeIgniter->handleRequest(NULL, Object(Config\Cache), false)
#8 C:\xampp\htdocs\klinik-muhammadiyah\public\index.php(37): CodeIgniter\CodeIgniter->run()
#9 C:\xampp\htdocs\klinik-muhammadiyah\system\Commands\Server\rewrite.php(43): require_once('C:\\xampp\\htdocs...')
#10 {main}
CRITICAL - 2022-07-17 03:14:33 --> Undefined variable: id
#0 C:\xampp\htdocs\klinik-muhammadiyah\app\Controllers\Chat.php(40): CodeIgniter\Debug\Exceptions->errorHandler(8, 'Undefined varia...', 'C:\\xampp\\htdocs...', 40, Array)
#1 C:\xampp\htdocs\klinik-muhammadiyah\system\CodeIgniter.php(832): App\Controllers\Chat->chatDokter()
#2 C:\xampp\htdocs\klinik-muhammadiyah\system\CodeIgniter.php(419): CodeIgniter\CodeIgniter->runController(Object(App\Controllers\Chat))
#3 C:\xampp\htdocs\klinik-muhammadiyah\system\CodeIgniter.php(326): CodeIgniter\CodeIgniter->handleRequest(NULL, Object(Config\Cache), false)
#4 C:\xampp\htdocs\klinik-muhammadiyah\public\index.php(37): CodeIgniter\CodeIgniter->run()
#5 C:\xampp\htdocs\klinik-muhammadiyah\system\Commands\Server\rewrite.php(43): require_once('C:\\xampp\\htdocs...')
#6 {main}
CRITICAL - 2022-07-17 03:14:40 --> Undefined variable: data
#0 C:\xampp\htdocs\klinik-muhammadiyah\app\Views\chat\v_chatdokter.php(46): CodeIgniter\Debug\Exceptions->errorHandler(8, 'Undefined varia...', 'C:\\xampp\\htdocs...', 46, Array)
#1 C:\xampp\htdocs\klinik-muhammadiyah\system\View\View.php(210): include('C:\\xampp\\htdocs...')
#2 C:\xampp\htdocs\klinik-muhammadiyah\system\View\View.php(213): CodeIgniter\View\View->CodeIgniter\View\{closure}()
#3 C:\xampp\htdocs\klinik-muhammadiyah\system\Common.php(1089): CodeIgniter\View\View->render('chat/v_chatdokt...', Array, true)
#4 C:\xampp\htdocs\klinik-muhammadiyah\app\Controllers\Chat.php(44): view('chat/v_chatdokt...', Array)
#5 C:\xampp\htdocs\klinik-muhammadiyah\system\CodeIgniter.php(832): App\Controllers\Chat->chatDokter()
#6 C:\xampp\htdocs\klinik-muhammadiyah\system\CodeIgniter.php(419): CodeIgniter\CodeIgniter->runController(Object(App\Controllers\Chat))
#7 C:\xampp\htdocs\klinik-muhammadiyah\system\CodeIgniter.php(326): CodeIgniter\CodeIgniter->handleRequest(NULL, Object(Config\Cache), false)
#8 C:\xampp\htdocs\klinik-muhammadiyah\public\index.php(37): CodeIgniter\CodeIgniter->run()
#9 C:\xampp\htdocs\klinik-muhammadiyah\system\Commands\Server\rewrite.php(43): require_once('C:\\xampp\\htdocs...')
#10 {main}
CRITICAL - 2022-07-17 03:15:06 --> Undefined variable: data
#0 C:\xampp\htdocs\klinik-muhammadiyah\app\Views\chat\v_chatdokter.php(53): CodeIgniter\Debug\Exceptions->errorHandler(8, 'Undefined varia...', 'C:\\xampp\\htdocs...', 53, Array)
#1 C:\xampp\htdocs\klinik-muhammadiyah\system\View\View.php(210): include('C:\\xampp\\htdocs...')
#2 C:\xampp\htdocs\klinik-muhammadiyah\system\View\View.php(213): CodeIgniter\View\View->CodeIgniter\View\{closure}()
#3 C:\xampp\htdocs\klinik-muhammadiyah\system\Common.php(1089): CodeIgniter\View\View->render('chat/v_chatdokt...', Array, true)
#4 C:\xampp\htdocs\klinik-muhammadiyah\app\Controllers\Chat.php(44): view('chat/v_chatdokt...', Array)
#5 C:\xampp\htdocs\klinik-muhammadiyah\system\CodeIgniter.php(832): App\Controllers\Chat->chatDokter()
#6 C:\xampp\htdocs\klinik-muhammadiyah\system\CodeIgniter.php(419): CodeIgniter\CodeIgniter->runController(Object(App\Controllers\Chat))
#7 C:\xampp\htdocs\klinik-muhammadiyah\system\CodeIgniter.php(326): CodeIgniter\CodeIgniter->handleRequest(NULL, Object(Config\Cache), false)
#8 C:\xampp\htdocs\klinik-muhammadiyah\public\index.php(37): CodeIgniter\CodeIgniter->run()
#9 C:\xampp\htdocs\klinik-muhammadiyah\system\Commands\Server\rewrite.php(43): require_once('C:\\xampp\\htdocs...')
#10 {main}
ERROR - 2022-07-17 03:32:44 --> Column 'id_dokter' cannot be null
CRITICAL - 2022-07-17 03:32:44 --> Column 'id_dokter' cannot be null
#0 C:\xampp\htdocs\klinik-muhammadiyah\system\Database\MySQLi\Connection.php(292): mysqli->query('INSERT INTO `ch...', 0)
#1 C:\xampp\htdocs\klinik-muhammadiyah\system\Database\BaseConnection.php(670): CodeIgniter\Database\MySQLi\Connection->execute('INSERT INTO `ch...')
#2 C:\xampp\htdocs\klinik-muhammadiyah\system\Database\BaseConnection.php(598): CodeIgniter\Database\BaseConnection->simpleQuery('INSERT INTO `ch...')
#3 C:\xampp\htdocs\klinik-muhammadiyah\system\Database\BaseBuilder.php(1771): CodeIgniter\Database\BaseConnection->query('INSERT INTO `ch...', Array, false)
#4 C:\xampp\htdocs\klinik-muhammadiyah\app\Models\M_chat.php(21): CodeIgniter\Database\BaseBuilder->insert(Array)
#5 C:\xampp\htdocs\klinik-muhammadiyah\app\Controllers\Chat.php(53): App\Models\M_chat->simpan(Array)
#6 C:\xampp\htdocs\klinik-muhammadiyah\system\CodeIgniter.php(832): App\Controllers\Chat->chatAksiPsn()
#7 C:\xampp\htdocs\klinik-muhammadiyah\system\CodeIgniter.php(419): CodeIgniter\CodeIgniter->runController(Object(App\Controllers\Chat))
#8 C:\xampp\htdocs\klinik-muhammadiyah\system\CodeIgniter.php(326): CodeIgniter\CodeIgniter->handleRequest(NULL, Object(Config\Cache), false)
#9 C:\xampp\htdocs\klinik-muhammadiyah\public\index.php(37): CodeIgniter\CodeIgniter->run()
#10 C:\xampp\htdocs\klinik-muhammadiyah\system\Commands\Server\rewrite.php(43): require_once('C:\\xampp\\htdocs...')
#11 {main}
ERROR - 2022-07-17 03:33:23 --> Column 'id_user' cannot be null
CRITICAL - 2022-07-17 03:33:23 --> Column 'id_user' cannot be null
#0 C:\xampp\htdocs\klinik-muhammadiyah\system\Database\MySQLi\Connection.php(292): mysqli->query('INSERT INTO `ch...', 0)
#1 C:\xampp\htdocs\klinik-muhammadiyah\system\Database\BaseConnection.php(670): CodeIgniter\Database\MySQLi\Connection->execute('INSERT INTO `ch...')
#2 C:\xampp\htdocs\klinik-muhammadiyah\system\Database\BaseConnection.php(598): CodeIgniter\Database\BaseConnection->simpleQuery('INSERT INTO `ch...')
#3 C:\xampp\htdocs\klinik-muhammadiyah\system\Database\BaseBuilder.php(1771): CodeIgniter\Database\BaseConnection->query('INSERT INTO `ch...', Array, false)
#4 C:\xampp\htdocs\klinik-muhammadiyah\app\Models\M_chat.php(21): CodeIgniter\Database\BaseBuilder->insert(Array)
#5 C:\xampp\htdocs\klinik-muhammadiyah\app\Controllers\Chat.php(64): App\Models\M_chat->simpan(Array)
#6 C:\xampp\htdocs\klinik-muhammadiyah\system\CodeIgniter.php(832): App\Controllers\Chat->chatAksiDokter()
#7 C:\xampp\htdocs\klinik-muhammadiyah\system\CodeIgniter.php(419): CodeIgniter\CodeIgniter->runController(Object(App\Controllers\Chat))
#8 C:\xampp\htdocs\klinik-muhammadiyah\system\CodeIgniter.php(326): CodeIgniter\CodeIgniter->handleRequest(NULL, Object(Config\Cache), false)
#9 C:\xampp\htdocs\klinik-muhammadiyah\public\index.php(37): CodeIgniter\CodeIgniter->run()
#10 C:\xampp\htdocs\klinik-muhammadiyah\system\Commands\Server\rewrite.php(43): require_once('C:\\xampp\\htdocs...')
#11 {main}
CRITICAL - 2022-07-17 03:33:55 --> Trying to get property 'nm_dokter' of non-object
#0 C:\xampp\htdocs\klinik-muhammadiyah\app\Views\chat\v_chat.php(10): CodeIgniter\Debug\Exceptions->errorHandler(8, 'Trying to get p...', 'C:\\xampp\\htdocs...', 10, Array)
#1 C:\xampp\htdocs\klinik-muhammadiyah\system\View\View.php(210): include('C:\\xampp\\htdocs...')
#2 C:\xampp\htdocs\klinik-muhammadiyah\system\View\View.php(213): CodeIgniter\View\View->CodeIgniter\View\{closure}()
#3 C:\xampp\htdocs\klinik-muhammadiyah\system\Common.php(1089): CodeIgniter\View\View->render('chat/v_chat', Array, true)
#4 C:\xampp\htdocs\klinik-muhammadiyah\app\Controllers\Chat.php(35): view('chat/v_chat', Array)
#5 C:\xampp\htdocs\klinik-muhammadiyah\system\CodeIgniter.php(832): App\Controllers\Chat->chat('9')
#6 C:\xampp\htdocs\klinik-muhammadiyah\system\CodeIgniter.php(419): CodeIgniter\CodeIgniter->runController(Object(App\Controllers\Chat))
#7 C:\xampp\htdocs\klinik-muhammadiyah\system\CodeIgniter.php(326): CodeIgniter\CodeIgniter->handleRequest(NULL, Object(Config\Cache), false)
#8 C:\xampp\htdocs\klinik-muhammadiyah\public\index.php(37): CodeIgniter\CodeIgniter->run()
#9 C:\xampp\htdocs\klinik-muhammadiyah\system\Commands\Server\rewrite.php(43): require_once('C:\\xampp\\htdocs...')
#10 {main}
CRITICAL - 2022-07-17 03:35:56 --> syntax error, unexpected '<', expecting end of file
#0 C:\xampp\htdocs\klinik-muhammadiyah\system\View\View.php(213): CodeIgniter\View\View->CodeIgniter\View\{closure}()
#1 C:\xampp\htdocs\klinik-muhammadiyah\system\Common.php(1089): CodeIgniter\View\View->render('chat/v_chatdokt...', Array, true)
#2 C:\xampp\htdocs\klinik-muhammadiyah\app\Controllers\Chat.php(44): view('chat/v_chatdokt...', Array)
#3 C:\xampp\htdocs\klinik-muhammadiyah\system\CodeIgniter.php(832): App\Controllers\Chat->chatDokter('9')
#4 C:\xampp\htdocs\klinik-muhammadiyah\system\CodeIgniter.php(419): CodeIgniter\CodeIgniter->runController(Object(App\Controllers\Chat))
#5 C:\xampp\htdocs\klinik-muhammadiyah\system\CodeIgniter.php(326): CodeIgniter\CodeIgniter->handleRequest(NULL, Object(Config\Cache), false)
#6 C:\xampp\htdocs\klinik-muhammadiyah\public\index.php(37): CodeIgniter\CodeIgniter->run()
#7 C:\xampp\htdocs\klinik-muhammadiyah\system\Commands\Server\rewrite.php(43): require_once('C:\\xampp\\htdocs...')
#8 {main}
CRITICAL - 2022-07-17 03:49:12 --> Trying to get property 'id_user' of non-object
#0 C:\xampp\htdocs\klinik-muhammadiyah\app\Views\chat\v_dkonsultasidokter.php(28): CodeIgniter\Debug\Exceptions->errorHandler(8, 'Trying to get p...', 'C:\\xampp\\htdocs...', 28, Array)
#1 C:\xampp\htdocs\klinik-muhammadiyah\system\View\View.php(210): include('C:\\xampp\\htdocs...')
#2 C:\xampp\htdocs\klinik-muhammadiyah\system\View\View.php(213): CodeIgniter\View\View->CodeIgniter\View\{closure}()
#3 C:\xampp\htdocs\klinik-muhammadiyah\system\Common.php(1089): CodeIgniter\View\View->render('/chat/v_dkonsul...', Array, true)
#4 C:\xampp\htdocs\klinik-muhammadiyah\app\Controllers\Konsultasi.php(28): view('/chat/v_dkonsul...', Array)
#5 C:\xampp\htdocs\klinik-muhammadiyah\system\CodeIgniter.php(832): App\Controllers\Konsultasi->index()
#6 C:\xampp\htdocs\klinik-muhammadiyah\system\CodeIgniter.php(419): CodeIgniter\CodeIgniter->runController(Object(App\Controllers\Konsultasi))
#7 C:\xampp\htdocs\klinik-muhammadiyah\system\CodeIgniter.php(326): CodeIgniter\CodeIgniter->handleRequest(NULL, Object(Config\Cache), false)
#8 C:\xampp\htdocs\klinik-muhammadiyah\public\index.php(37): CodeIgniter\CodeIgniter->run()
#9 C:\xampp\htdocs\klinik-muhammadiyah\system\Commands\Server\rewrite.php(43): require_once('C:\\xampp\\htdocs...')
#10 {main}
CRITICAL - 2022-07-17 03:52:06 --> Trying to get property 'id_user' of non-object
#0 C:\xampp\htdocs\klinik-muhammadiyah\app\Views\chat\v_dkonsultasidokter.php(28): CodeIgniter\Debug\Exceptions->errorHandler(8, 'Trying to get p...', 'C:\\xampp\\htdocs...', 28, Array)
#1 C:\xampp\htdocs\klinik-muhammadiyah\system\View\View.php(210): include('C:\\xampp\\htdocs...')
#2 C:\xampp\htdocs\klinik-muhammadiyah\system\View\View.php(213): CodeIgniter\View\View->CodeIgniter\View\{closure}()
#3 C:\xampp\htdocs\klinik-muhammadiyah\system\Common.php(1089): CodeIgniter\View\View->render('/chat/v_dkonsul...', Array, true)
#4 C:\xampp\htdocs\klinik-muhammadiyah\app\Controllers\Konsultasi.php(28): view('/chat/v_dkonsul...', Array)
#5 C:\xampp\htdocs\klinik-muhammadiyah\system\CodeIgniter.php(832): App\Controllers\Konsultasi->index()
#6 C:\xampp\htdocs\klinik-muhammadiyah\system\CodeIgniter.php(419): CodeIgniter\CodeIgniter->runController(Object(App\Controllers\Konsultasi))
#7 C:\xampp\htdocs\klinik-muhammadiyah\system\CodeIgniter.php(326): CodeIgniter\CodeIgniter->handleRequest(NULL, Object(Config\Cache), false)
#8 C:\xampp\htdocs\klinik-muhammadiyah\public\index.php(37): CodeIgniter\CodeIgniter->run()
#9 C:\xampp\htdocs\klinik-muhammadiyah\system\Commands\Server\rewrite.php(43): require_once('C:\\xampp\\htdocs...')
#10 {main}
CRITICAL - 2022-07-17 04:25:25 --> Trying to get property 'id_user' of non-object
#0 C:\xampp\htdocs\klinik-muhammadiyah\app\Views\chat\v_dkonsultasidokter.php(28): CodeIgniter\Debug\Exceptions->errorHandler(8, 'Trying to get p...', 'C:\\xampp\\htdocs...', 28, Array)
#1 C:\xampp\htdocs\klinik-muhammadiyah\system\View\View.php(210): include('C:\\xampp\\htdocs...')
#2 C:\xampp\htdocs\klinik-muhammadiyah\system\View\View.php(213): CodeIgniter\View\View->CodeIgniter\View\{closure}()
#3 C:\xampp\htdocs\klinik-muhammadiyah\system\Common.php(1089): CodeIgniter\View\View->render('/chat/v_dkonsul...', Array, true)
#4 C:\xampp\htdocs\klinik-muhammadiyah\app\Controllers\Konsultasi.php(28): view('/chat/v_dkonsul...', Array)
#5 C:\xampp\htdocs\klinik-muhammadiyah\system\CodeIgniter.php(832): App\Controllers\Konsultasi->index()
#6 C:\xampp\htdocs\klinik-muhammadiyah\system\CodeIgniter.php(419): CodeIgniter\CodeIgniter->runController(Object(App\Controllers\Konsultasi))
#7 C:\xampp\htdocs\klinik-muhammadiyah\system\CodeIgniter.php(326): CodeIgniter\CodeIgniter->handleRequest(NULL, Object(Config\Cache), false)
#8 C:\xampp\htdocs\klinik-muhammadiyah\public\index.php(37): CodeIgniter\CodeIgniter->run()
#9 C:\xampp\htdocs\klinik-muhammadiyah\system\Commands\Server\rewrite.php(43): require_once('C:\\xampp\\htdocs...')
#10 {main}
CRITICAL - 2022-07-17 04:25:53 --> Trying to get property 'id_user' of non-object
#0 C:\xampp\htdocs\klinik-muhammadiyah\app\Views\chat\v_dkonsultasidokter.php(28): CodeIgniter\Debug\Exceptions->errorHandler(8, 'Trying to get p...', 'C:\\xampp\\htdocs...', 28, Array)
#1 C:\xampp\htdocs\klinik-muhammadiyah\system\View\View.php(210): include('C:\\xampp\\htdocs...')
#2 C:\xampp\htdocs\klinik-muhammadiyah\system\View\View.php(213): CodeIgniter\View\View->CodeIgniter\View\{closure}()
#3 C:\xampp\htdocs\klinik-muhammadiyah\system\Common.php(1089): CodeIgniter\View\View->render('/chat/v_dkonsul...', Array, true)
#4 C:\xampp\htdocs\klinik-muhammadiyah\app\Controllers\Konsultasi.php(28): view('/chat/v_dkonsul...', Array)
#5 C:\xampp\htdocs\klinik-muhammadiyah\system\CodeIgniter.php(832): App\Controllers\Konsultasi->index()
#6 C:\xampp\htdocs\klinik-muhammadiyah\system\CodeIgniter.php(419): CodeIgniter\CodeIgniter->runController(Object(App\Controllers\Konsultasi))
#7 C:\xampp\htdocs\klinik-muhammadiyah\system\CodeIgniter.php(326): CodeIgniter\CodeIgniter->handleRequest(NULL, Object(Config\Cache), false)
#8 C:\xampp\htdocs\klinik-muhammadiyah\public\index.php(37): CodeIgniter\CodeIgniter->run()
#9 C:\xampp\htdocs\klinik-muhammadiyah\system\Commands\Server\rewrite.php(43): require_once('C:\\xampp\\htdocs...')
#10 {main}
CRITICAL - 2022-07-17 08:17:19 --> Undefined variable: data
#0 C:\xampp\htdocs\klinik-muhammadiyah\app\Views\review\v_treview.php(33): CodeIgniter\Debug\Exceptions->errorHandler(8, 'Undefined varia...', 'C:\\xampp\\htdocs...', 33, Array)
#1 C:\xampp\htdocs\klinik-muhammadiyah\system\View\View.php(210): include('C:\\xampp\\htdocs...')
#2 C:\xampp\htdocs\klinik-muhammadiyah\system\View\View.php(213): CodeIgniter\View\View->CodeIgniter\View\{closure}()
#3 C:\xampp\htdocs\klinik-muhammadiyah\system\Common.php(1089): CodeIgniter\View\View->render('review/v_trevie...', Array, true)
#4 C:\xampp\htdocs\klinik-muhammadiyah\app\Controllers\Review.php(17): view('review/v_trevie...')
#5 C:\xampp\htdocs\klinik-muhammadiyah\system\CodeIgniter.php(832): App\Controllers\Review->index()
#6 C:\xampp\htdocs\klinik-muhammadiyah\system\CodeIgniter.php(419): CodeIgniter\CodeIgniter->runController(Object(App\Controllers\Review))
#7 C:\xampp\htdocs\klinik-muhammadiyah\system\CodeIgniter.php(326): CodeIgniter\CodeIgniter->handleRequest(NULL, Object(Config\Cache), false)
#8 C:\xampp\htdocs\klinik-muhammadiyah\public\index.php(37): CodeIgniter\CodeIgniter->run()
#9 C:\xampp\htdocs\klinik-muhammadiyah\system\Commands\Server\rewrite.php(43): require_once('C:\\xampp\\htdocs...')
#10 {main}
ERROR - 2022-07-17 10:44:18 --> Column 'id_user' cannot be null
CRITICAL - 2022-07-17 10:44:18 --> Column 'id_user' cannot be null
#0 C:\xampp\htdocs\klinik-muhammadiyah\system\Database\MySQLi\Connection.php(292): mysqli->query('INSERT INTO `re...', 0)
#1 C:\xampp\htdocs\klinik-muhammadiyah\system\Database\BaseConnection.php(670): CodeIgniter\Database\MySQLi\Connection->execute('INSERT INTO `re...')
#2 C:\xampp\htdocs\klinik-muhammadiyah\system\Database\BaseConnection.php(598): CodeIgniter\Database\BaseConnection->simpleQuery('INSERT INTO `re...')
#3 C:\xampp\htdocs\klinik-muhammadiyah\system\Database\BaseBuilder.php(1771): CodeIgniter\Database\BaseConnection->query('INSERT INTO `re...', Array, false)
#4 C:\xampp\htdocs\klinik-muhammadiyah\app\Models\M_review.php(14): CodeIgniter\Database\BaseBuilder->insert(Array)
#5 C:\xampp\htdocs\klinik-muhammadiyah\app\Controllers\Review.php(24): App\Models\M_review->simpan(Array)
#6 C:\xampp\htdocs\klinik-muhammadiyah\system\CodeIgniter.php(832): App\Controllers\Review->treviewAksi()
#7 C:\xampp\htdocs\klinik-muhammadiyah\system\CodeIgniter.php(419): CodeIgniter\CodeIgniter->runController(Object(App\Controllers\Review))
#8 C:\xampp\htdocs\klinik-muhammadiyah\system\CodeIgniter.php(326): CodeIgniter\CodeIgniter->handleRequest(NULL, Object(Config\Cache), false)
#9 C:\xampp\htdocs\klinik-muhammadiyah\public\index.php(37): CodeIgniter\CodeIgniter->run()
#10 C:\xampp\htdocs\klinik-muhammadiyah\system\Commands\Server\rewrite.php(43): require_once('C:\\xampp\\htdocs...')
#11 {main}
CRITICAL - 2022-07-17 10:57:51 --> Undefined property: stdClass::$Review
#0 C:\xampp\htdocs\klinik-muhammadiyah\app\Views\review\v_treview.php(96): CodeIgniter\Debug\Exceptions->errorHandler(8, 'Undefined prope...', 'C:\\xampp\\htdocs...', 96, Array)
#1 C:\xampp\htdocs\klinik-muhammadiyah\system\View\View.php(210): include('C:\\xampp\\htdocs...')
#2 C:\xampp\htdocs\klinik-muhammadiyah\system\View\View.php(213): CodeIgniter\View\View->CodeIgniter\View\{closure}()
#3 C:\xampp\htdocs\klinik-muhammadiyah\system\Common.php(1089): CodeIgniter\View\View->render('review/v_trevie...', Array, true)
#4 C:\xampp\htdocs\klinik-muhammadiyah\app\Controllers\Review.php(20): view('review/v_trevie...', Array)
#5 C:\xampp\htdocs\klinik-muhammadiyah\system\CodeIgniter.php(832): App\Controllers\Review->index()
#6 C:\xampp\htdocs\klinik-muhammadiyah\system\CodeIgniter.php(419): CodeIgniter\CodeIgniter->runController(Object(App\Controllers\Review))
#7 C:\xampp\htdocs\klinik-muhammadiyah\system\CodeIgniter.php(326): CodeIgniter\CodeIgniter->handleRequest(NULL, Object(Config\Cache), false)
#8 C:\xampp\htdocs\klinik-muhammadiyah\public\index.php(37): CodeIgniter\CodeIgniter->run()
#9 C:\xampp\htdocs\klinik-muhammadiyah\system\Commands\Server\rewrite.php(43): require_once('C:\\xampp\\htdocs...')
#10 {main}
