CRITICAL - 2022-08-04 08:36:11 --> Attempt to read property "foto" on null
#0 C:\xampp7\htdocs\klinik-muhammadiyah\app\Views\layout\v_sidebar.php(19): CodeIgniter\Debug\Exceptions->errorHandler(2, 'Attempt to read...', 'C:\\xampp7\\htdoc...', 19)
#1 C:\xampp7\htdocs\klinik-muhammadiyah\system\View\View.php(210): include('C:\\xampp7\\htdoc...')
#2 C:\xampp7\htdocs\klinik-muhammadiyah\system\View\View.php(213): CodeIgniter\View\View->CodeIgniter\View\{closure}()
#3 C:\xampp7\htdocs\klinik-muhammadiyah\system\View\View.php(424): CodeIgniter\View\View->render('layout/v_sideba...', NULL, true)
#4 C:\xampp7\htdocs\klinik-muhammadiyah\app\Views\layout\v_template.php(52): CodeIgniter\View\View->include('layout/v_sideba...')
#5 C:\xampp7\htdocs\klinik-muhammadiyah\system\View\View.php(210): include('C:\\xampp7\\htdoc...')
#6 C:\xampp7\htdocs\klinik-muhammadiyah\system\View\View.php(213): CodeIgniter\View\View->CodeIgniter\View\{closure}()
#7 C:\xampp7\htdocs\klinik-muhammadiyah\system\View\View.php(226): CodeIgniter\View\View->render('layout/v_templa...', Array, true)
#8 C:\xampp7\htdocs\klinik-muhammadiyah\system\Common.php(1089): CodeIgniter\View\View->render('chat/v_dchat', Array, true)
#9 C:\xampp7\htdocs\klinik-muhammadiyah\app\Controllers\Chat.php(26): view('chat/v_dchat', Array)
#10 C:\xampp7\htdocs\klinik-muhammadiyah\system\CodeIgniter.php(832): App\Controllers\Chat->index()
#11 C:\xampp7\htdocs\klinik-muhammadiyah\system\CodeIgniter.php(419): CodeIgniter\CodeIgniter->runController(Object(App\Controllers\Chat))
#12 C:\xampp7\htdocs\klinik-muhammadiyah\system\CodeIgniter.php(326): CodeIgniter\CodeIgniter->handleRequest(NULL, Object(Config\Cache), false)
#13 C:\xampp7\htdocs\klinik-muhammadiyah\public\index.php(37): CodeIgniter\CodeIgniter->run()
#14 C:\xampp7\htdocs\klinik-muhammadiyah\system\Commands\Server\rewrite.php(43): require_once('C:\\xampp7\\htdoc...')
#15 {main}
CRITICAL - 2022-08-04 08:36:20 --> Attempt to read property "foto" on null
#0 C:\xampp7\htdocs\klinik-muhammadiyah\app\Views\layout\v_sidebar.php(19): CodeIgniter\Debug\Exceptions->errorHandler(2, 'Attempt to read...', 'C:\\xampp7\\htdoc...', 19)
#1 C:\xampp7\htdocs\klinik-muhammadiyah\system\View\View.php(210): include('C:\\xampp7\\htdoc...')
#2 C:\xampp7\htdocs\klinik-muhammadiyah\system\View\View.php(213): CodeIgniter\View\View->CodeIgniter\View\{closure}()
#3 C:\xampp7\htdocs\klinik-muhammadiyah\system\View\View.php(424): CodeIgniter\View\View->render('layout/v_sideba...', NULL, true)
#4 C:\xampp7\htdocs\klinik-muhammadiyah\app\Views\layout\v_template.php(52): CodeIgniter\View\View->include('layout/v_sideba...')
#5 C:\xampp7\htdocs\klinik-muhammadiyah\system\View\View.php(210): include('C:\\xampp7\\htdoc...')
#6 C:\xampp7\htdocs\klinik-muhammadiyah\system\View\View.php(213): CodeIgniter\View\View->CodeIgniter\View\{closure}()
#7 C:\xampp7\htdocs\klinik-muhammadiyah\system\View\View.php(226): CodeIgniter\View\View->render('layout/v_templa...', Array, true)
#8 C:\xampp7\htdocs\klinik-muhammadiyah\system\Common.php(1089): CodeIgniter\View\View->render('review/v_trevie...', Array, true)
#9 C:\xampp7\htdocs\klinik-muhammadiyah\app\Controllers\Review.php(20): view('review/v_trevie...', Array)
#10 C:\xampp7\htdocs\klinik-muhammadiyah\system\CodeIgniter.php(832): App\Controllers\Review->index()
#11 C:\xampp7\htdocs\klinik-muhammadiyah\system\CodeIgniter.php(419): CodeIgniter\CodeIgniter->runController(Object(App\Controllers\Review))
#12 C:\xampp7\htdocs\klinik-muhammadiyah\system\CodeIgniter.php(326): CodeIgniter\CodeIgniter->handleRequest(NULL, Object(Config\Cache), false)
#13 C:\xampp7\htdocs\klinik-muhammadiyah\public\index.php(37): CodeIgniter\CodeIgniter->run()
#14 C:\xampp7\htdocs\klinik-muhammadiyah\system\Commands\Server\rewrite.php(43): require_once('C:\\xampp7\\htdoc...')
#15 {main}
CRITICAL - 2022-08-04 21:03:44 --> Attempt to read property "foto" on null
#0 C:\xampp7\htdocs\klinik-muhammadiyah\app\Views\layout\v_sidebar.php(19): CodeIgniter\Debug\Exceptions->errorHandler(2, 'Attempt to read...', 'C:\\xampp7\\htdoc...', 19)
#1 C:\xampp7\htdocs\klinik-muhammadiyah\system\View\View.php(210): include('C:\\xampp7\\htdoc...')
#2 C:\xampp7\htdocs\klinik-muhammadiyah\system\View\View.php(213): CodeIgniter\View\View->CodeIgniter\View\{closure}()
#3 C:\xampp7\htdocs\klinik-muhammadiyah\system\View\View.php(424): CodeIgniter\View\View->render('layout/v_sideba...', NULL, true)
#4 C:\xampp7\htdocs\klinik-muhammadiyah\app\Views\layout\v_template.php(52): CodeIgniter\View\View->include('layout/v_sideba...')
#5 C:\xampp7\htdocs\klinik-muhammadiyah\system\View\View.php(210): include('C:\\xampp7\\htdoc...')
#6 C:\xampp7\htdocs\klinik-muhammadiyah\system\View\View.php(213): CodeIgniter\View\View->CodeIgniter\View\{closure}()
#7 C:\xampp7\htdocs\klinik-muhammadiyah\system\View\View.php(226): CodeIgniter\View\View->render('layout/v_templa...', Array, true)
#8 C:\xampp7\htdocs\klinik-muhammadiyah\system\Common.php(1089): CodeIgniter\View\View->render('poli/v_tpoli', Array, true)
#9 C:\xampp7\htdocs\klinik-muhammadiyah\app\Controllers\Poli.php(24): view('poli/v_tpoli')
#10 C:\xampp7\htdocs\klinik-muhammadiyah\system\CodeIgniter.php(832): App\Controllers\Poli->tpoli()
#11 C:\xampp7\htdocs\klinik-muhammadiyah\system\CodeIgniter.php(419): CodeIgniter\CodeIgniter->runController(Object(App\Controllers\Poli))
#12 C:\xampp7\htdocs\klinik-muhammadiyah\system\CodeIgniter.php(326): CodeIgniter\CodeIgniter->handleRequest(NULL, Object(Config\Cache), false)
#13 C:\xampp7\htdocs\klinik-muhammadiyah\public\index.php(37): CodeIgniter\CodeIgniter->run()
#14 C:\xampp7\htdocs\klinik-muhammadiyah\system\Commands\Server\rewrite.php(43): require_once('C:\\xampp7\\htdoc...')
#15 {main}
CRITICAL - 2022-08-04 21:04:46 --> Attempt to read property "foto" on null
#0 C:\xampp7\htdocs\klinik-muhammadiyah\app\Views\layout\v_sidebar.php(19): CodeIgniter\Debug\Exceptions->errorHandler(2, 'Attempt to read...', 'C:\\xampp7\\htdoc...', 19)
#1 C:\xampp7\htdocs\klinik-muhammadiyah\system\View\View.php(210): include('C:\\xampp7\\htdoc...')
#2 C:\xampp7\htdocs\klinik-muhammadiyah\system\View\View.php(213): CodeIgniter\View\View->CodeIgniter\View\{closure}()
#3 C:\xampp7\htdocs\klinik-muhammadiyah\system\View\View.php(424): CodeIgniter\View\View->render('layout/v_sideba...', NULL, true)
#4 C:\xampp7\htdocs\klinik-muhammadiyah\app\Views\layout\v_template.php(52): CodeIgniter\View\View->include('layout/v_sideba...')
#5 C:\xampp7\htdocs\klinik-muhammadiyah\system\View\View.php(210): include('C:\\xampp7\\htdoc...')
#6 C:\xampp7\htdocs\klinik-muhammadiyah\system\View\View.php(213): CodeIgniter\View\View->CodeIgniter\View\{closure}()
#7 C:\xampp7\htdocs\klinik-muhammadiyah\system\View\View.php(226): CodeIgniter\View\View->render('layout/v_templa...', Array, true)
#8 C:\xampp7\htdocs\klinik-muhammadiyah\system\Common.php(1089): CodeIgniter\View\View->render('poli/v_tpoli', Array, true)
#9 C:\xampp7\htdocs\klinik-muhammadiyah\app\Controllers\Poli.php(24): view('poli/v_tpoli')
#10 C:\xampp7\htdocs\klinik-muhammadiyah\system\CodeIgniter.php(832): App\Controllers\Poli->tpoli()
#11 C:\xampp7\htdocs\klinik-muhammadiyah\system\CodeIgniter.php(419): CodeIgniter\CodeIgniter->runController(Object(App\Controllers\Poli))
#12 C:\xampp7\htdocs\klinik-muhammadiyah\system\CodeIgniter.php(326): CodeIgniter\CodeIgniter->handleRequest(NULL, Object(Config\Cache), false)
#13 C:\xampp7\htdocs\klinik-muhammadiyah\public\index.php(37): CodeIgniter\CodeIgniter->run()
#14 C:\xampp7\htdocs\klinik-muhammadiyah\system\Commands\Server\rewrite.php(43): require_once('C:\\xampp7\\htdoc...')
#15 {main}
CRITICAL - 2022-08-04 21:05:45 --> Attempt to read property "foto" on null
#0 C:\xampp7\htdocs\klinik-muhammadiyah\app\Views\layout\v_sidebar.php(19): CodeIgniter\Debug\Exceptions->errorHandler(2, 'Attempt to read...', 'C:\\xampp7\\htdoc...', 19)
#1 C:\xampp7\htdocs\klinik-muhammadiyah\system\View\View.php(210): include('C:\\xampp7\\htdoc...')
#2 C:\xampp7\htdocs\klinik-muhammadiyah\system\View\View.php(213): CodeIgniter\View\View->CodeIgniter\View\{closure}()
#3 C:\xampp7\htdocs\klinik-muhammadiyah\system\View\View.php(424): CodeIgniter\View\View->render('layout/v_sideba...', NULL, true)
#4 C:\xampp7\htdocs\klinik-muhammadiyah\app\Views\layout\v_template.php(52): CodeIgniter\View\View->include('layout/v_sideba...')
#5 C:\xampp7\htdocs\klinik-muhammadiyah\system\View\View.php(210): include('C:\\xampp7\\htdoc...')
#6 C:\xampp7\htdocs\klinik-muhammadiyah\system\View\View.php(213): CodeIgniter\View\View->CodeIgniter\View\{closure}()
#7 C:\xampp7\htdocs\klinik-muhammadiyah\system\View\View.php(226): CodeIgniter\View\View->render('layout/v_templa...', Array, true)
#8 C:\xampp7\htdocs\klinik-muhammadiyah\system\Common.php(1089): CodeIgniter\View\View->render('poli/v_tpoli', Array, true)
#9 C:\xampp7\htdocs\klinik-muhammadiyah\app\Controllers\Poli.php(24): view('poli/v_tpoli')
#10 C:\xampp7\htdocs\klinik-muhammadiyah\system\CodeIgniter.php(832): App\Controllers\Poli->tpoli()
#11 C:\xampp7\htdocs\klinik-muhammadiyah\system\CodeIgniter.php(419): CodeIgniter\CodeIgniter->runController(Object(App\Controllers\Poli))
#12 C:\xampp7\htdocs\klinik-muhammadiyah\system\CodeIgniter.php(326): CodeIgniter\CodeIgniter->handleRequest(NULL, Object(Config\Cache), false)
#13 C:\xampp7\htdocs\klinik-muhammadiyah\public\index.php(37): CodeIgniter\CodeIgniter->run()
#14 C:\xampp7\htdocs\klinik-muhammadiyah\system\Commands\Server\rewrite.php(43): require_once('C:\\xampp7\\htdoc...')
#15 {main}
CRITICAL - 2022-08-04 21:22:13 --> Attempt to read property "foto" on null
#0 C:\xampp7\htdocs\klinik-muhammadiyah\app\Views\layout\v_sidebar.php(19): CodeIgniter\Debug\Exceptions->errorHandler(2, 'Attempt to read...', 'C:\\xampp7\\htdoc...', 19)
#1 C:\xampp7\htdocs\klinik-muhammadiyah\system\View\View.php(210): include('C:\\xampp7\\htdoc...')
#2 C:\xampp7\htdocs\klinik-muhammadiyah\system\View\View.php(213): CodeIgniter\View\View->CodeIgniter\View\{closure}()
#3 C:\xampp7\htdocs\klinik-muhammadiyah\system\View\View.php(424): CodeIgniter\View\View->render('layout/v_sideba...', NULL, true)
#4 C:\xampp7\htdocs\klinik-muhammadiyah\app\Views\layout\v_template.php(52): CodeIgniter\View\View->include('layout/v_sideba...')
#5 C:\xampp7\htdocs\klinik-muhammadiyah\system\View\View.php(210): include('C:\\xampp7\\htdoc...')
#6 C:\xampp7\htdocs\klinik-muhammadiyah\system\View\View.php(213): CodeIgniter\View\View->CodeIgniter\View\{closure}()
#7 C:\xampp7\htdocs\klinik-muhammadiyah\system\View\View.php(226): CodeIgniter\View\View->render('layout/v_templa...', Array, true)
#8 C:\xampp7\htdocs\klinik-muhammadiyah\system\Common.php(1089): CodeIgniter\View\View->render('poli/v_dpoli', Array, true)
#9 C:\xampp7\htdocs\klinik-muhammadiyah\app\Controllers\Poli.php(20): view('poli/v_dpoli', Array)
#10 C:\xampp7\htdocs\klinik-muhammadiyah\system\CodeIgniter.php(832): App\Controllers\Poli->dpoli()
#11 C:\xampp7\htdocs\klinik-muhammadiyah\system\CodeIgniter.php(419): CodeIgniter\CodeIgniter->runController(Object(App\Controllers\Poli))
#12 C:\xampp7\htdocs\klinik-muhammadiyah\system\CodeIgniter.php(326): CodeIgniter\CodeIgniter->handleRequest(NULL, Object(Config\Cache), false)
#13 C:\xampp7\htdocs\klinik-muhammadiyah\public\index.php(37): CodeIgniter\CodeIgniter->run()
#14 C:\xampp7\htdocs\klinik-muhammadiyah\system\Commands\Server\rewrite.php(43): require_once('C:\\xampp7\\htdoc...')
#15 {main}
