CRITICAL - 2022-07-08 07:49:57 --> unlink(img/default.jpg): No such file or directory
#0 [internal function]: CodeIgniter\Debug\Exceptions->errorHandler(2, 'unlink(img/defa...', 'C:\\xampp\\htdocs...', 48, Array)
#1 C:\xampp\htdocs\klinik-muhammadiyah\app\Controllers\User.php(48): unlink('img/default.jpg')
#2 C:\xampp\htdocs\klinik-muhammadiyah\system\CodeIgniter.php(832): App\Controllers\User->huser('11')
#3 C:\xampp\htdocs\klinik-muhammadiyah\system\CodeIgniter.php(419): CodeIgniter\CodeIgniter->runController(Object(App\Controllers\User))
#4 C:\xampp\htdocs\klinik-muhammadiyah\system\CodeIgniter.php(326): CodeIgniter\CodeIgniter->handleRequest(NULL, Object(Config\Cache), false)
#5 C:\xampp\htdocs\klinik-muhammadiyah\public\index.php(37): CodeIgniter\CodeIgniter->run()
#6 C:\xampp\htdocs\klinik-muhammadiyah\system\Commands\Server\rewrite.php(43): require_once('C:\\xampp\\htdocs...')
#7 {main}
CRITICAL - 2022-07-08 07:56:33 --> Undefined property: CodeIgniter\HTTP\Files\UploadedFile::$foto
#0 C:\xampp\htdocs\klinik-muhammadiyah\app\Controllers\User.php(71): CodeIgniter\Debug\Exceptions->errorHandler(8, 'Undefined prope...', 'C:\\xampp\\htdocs...', 71, Array)
#1 C:\xampp\htdocs\klinik-muhammadiyah\system\CodeIgniter.php(832): App\Controllers\User->uuserAksi()
#2 C:\xampp\htdocs\klinik-muhammadiyah\system\CodeIgniter.php(419): CodeIgniter\CodeIgniter->runController(Object(App\Controllers\User))
#3 C:\xampp\htdocs\klinik-muhammadiyah\system\CodeIgniter.php(326): CodeIgniter\CodeIgniter->handleRequest(NULL, Object(Config\Cache), false)
#4 C:\xampp\htdocs\klinik-muhammadiyah\public\index.php(37): CodeIgniter\CodeIgniter->run()
#5 C:\xampp\htdocs\klinik-muhammadiyah\system\Commands\Server\rewrite.php(43): require_once('C:\\xampp\\htdocs...')
#6 {main}
CRITICAL - 2022-07-08 07:57:02 --> Undefined property: CodeIgniter\HTTP\Files\UploadedFile::$foto
#0 C:\xampp\htdocs\klinik-muhammadiyah\app\Controllers\User.php(71): CodeIgniter\Debug\Exceptions->errorHandler(8, 'Undefined prope...', 'C:\\xampp\\htdocs...', 71, Array)
#1 C:\xampp\htdocs\klinik-muhammadiyah\system\CodeIgniter.php(832): App\Controllers\User->uuserAksi()
#2 C:\xampp\htdocs\klinik-muhammadiyah\system\CodeIgniter.php(419): CodeIgniter\CodeIgniter->runController(Object(App\Controllers\User))
#3 C:\xampp\htdocs\klinik-muhammadiyah\system\CodeIgniter.php(326): CodeIgniter\CodeIgniter->handleRequest(NULL, Object(Config\Cache), false)
#4 C:\xampp\htdocs\klinik-muhammadiyah\public\index.php(37): CodeIgniter\CodeIgniter->run()
#5 C:\xampp\htdocs\klinik-muhammadiyah\system\Commands\Server\rewrite.php(43): require_once('C:\\xampp\\htdocs...')
#6 {main}
CRITICAL - 2022-07-08 10:43:56 --> Trying to get property 'nm_dokter' of non-object
#0 C:\xampp\htdocs\klinik-muhammadiyah\app\Views\landingpage.php(195): CodeIgniter\Debug\Exceptions->errorHandler(8, 'Trying to get p...', 'C:\\xampp\\htdocs...', 195, Array)
#1 C:\xampp\htdocs\klinik-muhammadiyah\system\View\View.php(210): include('C:\\xampp\\htdocs...')
#2 C:\xampp\htdocs\klinik-muhammadiyah\system\View\View.php(213): CodeIgniter\View\View->CodeIgniter\View\{closure}()
#3 C:\xampp\htdocs\klinik-muhammadiyah\system\Common.php(1089): CodeIgniter\View\View->render('landingpage', Array, true)
#4 C:\xampp\htdocs\klinik-muhammadiyah\app\Controllers\Home.php(9): view('landingpage')
#5 C:\xampp\htdocs\klinik-muhammadiyah\system\CodeIgniter.php(832): App\Controllers\Home->index()
#6 C:\xampp\htdocs\klinik-muhammadiyah\system\CodeIgniter.php(419): CodeIgniter\CodeIgniter->runController(Object(App\Controllers\Home))
#7 C:\xampp\htdocs\klinik-muhammadiyah\system\CodeIgniter.php(326): CodeIgniter\CodeIgniter->handleRequest(NULL, Object(Config\Cache), false)
#8 C:\xampp\htdocs\klinik-muhammadiyah\public\index.php(37): CodeIgniter\CodeIgniter->run()
#9 C:\xampp\htdocs\klinik-muhammadiyah\system\Commands\Server\rewrite.php(43): require_once('C:\\xampp\\htdocs...')
#10 {main}
ERROR - 2022-07-08 11:04:24 --> You have an error in your SQL syntax; check the manual that corresponds to your MariaDB server version for the right syntax to use near 'ascending' at line 1
CRITICAL - 2022-07-08 11:04:24 --> You have an error in your SQL syntax; check the manual that corresponds to your MariaDB server version for the right syntax to use near 'ascending' at line 1
#0 C:\xampp\htdocs\klinik-muhammadiyah\system\Database\MySQLi\Connection.php(292): mysqli->query('SELECT * FROM p...', 0)
#1 C:\xampp\htdocs\klinik-muhammadiyah\system\Database\BaseConnection.php(670): CodeIgniter\Database\MySQLi\Connection->execute('SELECT * FROM p...')
#2 C:\xampp\htdocs\klinik-muhammadiyah\system\Database\BaseConnection.php(598): CodeIgniter\Database\BaseConnection->simpleQuery('SELECT * FROM p...')
#3 C:\xampp\htdocs\klinik-muhammadiyah\app\Views\landingpage.php(24): CodeIgniter\Database\BaseConnection->query('SELECT * FROM p...')
#4 C:\xampp\htdocs\klinik-muhammadiyah\system\View\View.php(210): include('C:\\xampp\\htdocs...')
#5 C:\xampp\htdocs\klinik-muhammadiyah\system\View\View.php(213): CodeIgniter\View\View->CodeIgniter\View\{closure}()
#6 C:\xampp\htdocs\klinik-muhammadiyah\system\Common.php(1089): CodeIgniter\View\View->render('landingpage', Array, true)
#7 C:\xampp\htdocs\klinik-muhammadiyah\app\Controllers\Home.php(9): view('landingpage')
#8 C:\xampp\htdocs\klinik-muhammadiyah\system\CodeIgniter.php(832): App\Controllers\Home->index()
#9 C:\xampp\htdocs\klinik-muhammadiyah\system\CodeIgniter.php(419): CodeIgniter\CodeIgniter->runController(Object(App\Controllers\Home))
#10 C:\xampp\htdocs\klinik-muhammadiyah\system\CodeIgniter.php(326): CodeIgniter\CodeIgniter->handleRequest(NULL, Object(Config\Cache), false)
#11 C:\xampp\htdocs\klinik-muhammadiyah\public\index.php(37): CodeIgniter\CodeIgniter->run()
#12 C:\xampp\htdocs\klinik-muhammadiyah\system\Commands\Server\rewrite.php(43): require_once('C:\\xampp\\htdocs...')
#13 {main}
ERROR - 2022-07-08 11:04:35 --> You have an error in your SQL syntax; check the manual that corresponds to your MariaDB server version for the right syntax to use near 'descending' at line 1
CRITICAL - 2022-07-08 11:04:35 --> You have an error in your SQL syntax; check the manual that corresponds to your MariaDB server version for the right syntax to use near 'descending' at line 1
#0 C:\xampp\htdocs\klinik-muhammadiyah\system\Database\MySQLi\Connection.php(292): mysqli->query('SELECT * FROM p...', 0)
#1 C:\xampp\htdocs\klinik-muhammadiyah\system\Database\BaseConnection.php(670): CodeIgniter\Database\MySQLi\Connection->execute('SELECT * FROM p...')
#2 C:\xampp\htdocs\klinik-muhammadiyah\system\Database\BaseConnection.php(598): CodeIgniter\Database\BaseConnection->simpleQuery('SELECT * FROM p...')
#3 C:\xampp\htdocs\klinik-muhammadiyah\app\Views\landingpage.php(24): CodeIgniter\Database\BaseConnection->query('SELECT * FROM p...')
#4 C:\xampp\htdocs\klinik-muhammadiyah\system\View\View.php(210): include('C:\\xampp\\htdocs...')
#5 C:\xampp\htdocs\klinik-muhammadiyah\system\View\View.php(213): CodeIgniter\View\View->CodeIgniter\View\{closure}()
#6 C:\xampp\htdocs\klinik-muhammadiyah\system\Common.php(1089): CodeIgniter\View\View->render('landingpage', Array, true)
#7 C:\xampp\htdocs\klinik-muhammadiyah\app\Controllers\Home.php(9): view('landingpage')
#8 C:\xampp\htdocs\klinik-muhammadiyah\system\CodeIgniter.php(832): App\Controllers\Home->index()
#9 C:\xampp\htdocs\klinik-muhammadiyah\system\CodeIgniter.php(419): CodeIgniter\CodeIgniter->runController(Object(App\Controllers\Home))
#10 C:\xampp\htdocs\klinik-muhammadiyah\system\CodeIgniter.php(326): CodeIgniter\CodeIgniter->handleRequest(NULL, Object(Config\Cache), false)
#11 C:\xampp\htdocs\klinik-muhammadiyah\public\index.php(37): CodeIgniter\CodeIgniter->run()
#12 C:\xampp\htdocs\klinik-muhammadiyah\system\Commands\Server\rewrite.php(43): require_once('C:\\xampp\\htdocs...')
#13 {main}
ERROR - 2022-07-08 11:07:14 --> You have an error in your SQL syntax; check the manual that corresponds to your MariaDB server version for the right syntax to use near 'ORDER BY id_dokter' at line 1
CRITICAL - 2022-07-08 11:07:14 --> You have an error in your SQL syntax; check the manual that corresponds to your MariaDB server version for the right syntax to use near 'ORDER BY id_dokter' at line 1
#0 C:\xampp\htdocs\klinik-muhammadiyah\system\Database\MySQLi\Connection.php(292): mysqli->query('SELECT * FROM p...', 0)
#1 C:\xampp\htdocs\klinik-muhammadiyah\system\Database\BaseConnection.php(670): CodeIgniter\Database\MySQLi\Connection->execute('SELECT * FROM p...')
#2 C:\xampp\htdocs\klinik-muhammadiyah\system\Database\BaseConnection.php(598): CodeIgniter\Database\BaseConnection->simpleQuery('SELECT * FROM p...')
#3 C:\xampp\htdocs\klinik-muhammadiyah\app\Views\landingpage.php(24): CodeIgniter\Database\BaseConnection->query('SELECT * FROM p...')
#4 C:\xampp\htdocs\klinik-muhammadiyah\system\View\View.php(210): include('C:\\xampp\\htdocs...')
#5 C:\xampp\htdocs\klinik-muhammadiyah\system\View\View.php(213): CodeIgniter\View\View->CodeIgniter\View\{closure}()
#6 C:\xampp\htdocs\klinik-muhammadiyah\system\Common.php(1089): CodeIgniter\View\View->render('landingpage', Array, true)
#7 C:\xampp\htdocs\klinik-muhammadiyah\app\Controllers\Home.php(9): view('landingpage')
#8 C:\xampp\htdocs\klinik-muhammadiyah\system\CodeIgniter.php(832): App\Controllers\Home->index()
#9 C:\xampp\htdocs\klinik-muhammadiyah\system\CodeIgniter.php(419): CodeIgniter\CodeIgniter->runController(Object(App\Controllers\Home))
#10 C:\xampp\htdocs\klinik-muhammadiyah\system\CodeIgniter.php(326): CodeIgniter\CodeIgniter->handleRequest(NULL, Object(Config\Cache), false)
#11 C:\xampp\htdocs\klinik-muhammadiyah\public\index.php(37): CodeIgniter\CodeIgniter->run()
#12 C:\xampp\htdocs\klinik-muhammadiyah\system\Commands\Server\rewrite.php(43): require_once('C:\\xampp\\htdocs...')
#13 {main}
ERROR - 2022-07-08 11:07:44 --> You have an error in your SQL syntax; check the manual that corresponds to your MariaDB server version for the right syntax to use near 'ORDER BY id_dokter ASC' at line 1
CRITICAL - 2022-07-08 11:07:44 --> You have an error in your SQL syntax; check the manual that corresponds to your MariaDB server version for the right syntax to use near 'ORDER BY id_dokter ASC' at line 1
#0 C:\xampp\htdocs\klinik-muhammadiyah\system\Database\MySQLi\Connection.php(292): mysqli->query('SELECT * FROM p...', 0)
#1 C:\xampp\htdocs\klinik-muhammadiyah\system\Database\BaseConnection.php(670): CodeIgniter\Database\MySQLi\Connection->execute('SELECT * FROM p...')
#2 C:\xampp\htdocs\klinik-muhammadiyah\system\Database\BaseConnection.php(598): CodeIgniter\Database\BaseConnection->simpleQuery('SELECT * FROM p...')
#3 C:\xampp\htdocs\klinik-muhammadiyah\app\Views\landingpage.php(24): CodeIgniter\Database\BaseConnection->query('SELECT * FROM p...')
#4 C:\xampp\htdocs\klinik-muhammadiyah\system\View\View.php(210): include('C:\\xampp\\htdocs...')
#5 C:\xampp\htdocs\klinik-muhammadiyah\system\View\View.php(213): CodeIgniter\View\View->CodeIgniter\View\{closure}()
#6 C:\xampp\htdocs\klinik-muhammadiyah\system\Common.php(1089): CodeIgniter\View\View->render('landingpage', Array, true)
#7 C:\xampp\htdocs\klinik-muhammadiyah\app\Controllers\Home.php(9): view('landingpage')
#8 C:\xampp\htdocs\klinik-muhammadiyah\system\CodeIgniter.php(832): App\Controllers\Home->index()
#9 C:\xampp\htdocs\klinik-muhammadiyah\system\CodeIgniter.php(419): CodeIgniter\CodeIgniter->runController(Object(App\Controllers\Home))
#10 C:\xampp\htdocs\klinik-muhammadiyah\system\CodeIgniter.php(326): CodeIgniter\CodeIgniter->handleRequest(NULL, Object(Config\Cache), false)
#11 C:\xampp\htdocs\klinik-muhammadiyah\public\index.php(37): CodeIgniter\CodeIgniter->run()
#12 C:\xampp\htdocs\klinik-muhammadiyah\system\Commands\Server\rewrite.php(43): require_once('C:\\xampp\\htdocs...')
#13 {main}
ERROR - 2022-07-08 11:08:08 --> You have an error in your SQL syntax; check the manual that corresponds to your MariaDB server version for the right syntax to use near 'ORDER id_dokter' at line 1
CRITICAL - 2022-07-08 11:08:08 --> You have an error in your SQL syntax; check the manual that corresponds to your MariaDB server version for the right syntax to use near 'ORDER id_dokter' at line 1
#0 C:\xampp\htdocs\klinik-muhammadiyah\system\Database\MySQLi\Connection.php(292): mysqli->query('SELECT * FROM p...', 0)
#1 C:\xampp\htdocs\klinik-muhammadiyah\system\Database\BaseConnection.php(670): CodeIgniter\Database\MySQLi\Connection->execute('SELECT * FROM p...')
#2 C:\xampp\htdocs\klinik-muhammadiyah\system\Database\BaseConnection.php(598): CodeIgniter\Database\BaseConnection->simpleQuery('SELECT * FROM p...')
#3 C:\xampp\htdocs\klinik-muhammadiyah\app\Views\landingpage.php(24): CodeIgniter\Database\BaseConnection->query('SELECT * FROM p...')
#4 C:\xampp\htdocs\klinik-muhammadiyah\system\View\View.php(210): include('C:\\xampp\\htdocs...')
#5 C:\xampp\htdocs\klinik-muhammadiyah\system\View\View.php(213): CodeIgniter\View\View->CodeIgniter\View\{closure}()
#6 C:\xampp\htdocs\klinik-muhammadiyah\system\Common.php(1089): CodeIgniter\View\View->render('landingpage', Array, true)
#7 C:\xampp\htdocs\klinik-muhammadiyah\app\Controllers\Home.php(9): view('landingpage')
#8 C:\xampp\htdocs\klinik-muhammadiyah\system\CodeIgniter.php(832): App\Controllers\Home->index()
#9 C:\xampp\htdocs\klinik-muhammadiyah\system\CodeIgniter.php(419): CodeIgniter\CodeIgniter->runController(Object(App\Controllers\Home))
#10 C:\xampp\htdocs\klinik-muhammadiyah\system\CodeIgniter.php(326): CodeIgniter\CodeIgniter->handleRequest(NULL, Object(Config\Cache), false)
#11 C:\xampp\htdocs\klinik-muhammadiyah\public\index.php(37): CodeIgniter\CodeIgniter->run()
#12 C:\xampp\htdocs\klinik-muhammadiyah\system\Commands\Server\rewrite.php(43): require_once('C:\\xampp\\htdocs...')
#13 {main}
ERROR - 2022-07-08 11:08:09 --> You have an error in your SQL syntax; check the manual that corresponds to your MariaDB server version for the right syntax to use near 'ORDER id_dokter' at line 1
CRITICAL - 2022-07-08 11:08:09 --> You have an error in your SQL syntax; check the manual that corresponds to your MariaDB server version for the right syntax to use near 'ORDER id_dokter' at line 1
#0 C:\xampp\htdocs\klinik-muhammadiyah\system\Database\MySQLi\Connection.php(292): mysqli->query('SELECT * FROM p...', 0)
#1 C:\xampp\htdocs\klinik-muhammadiyah\system\Database\BaseConnection.php(670): CodeIgniter\Database\MySQLi\Connection->execute('SELECT * FROM p...')
#2 C:\xampp\htdocs\klinik-muhammadiyah\system\Database\BaseConnection.php(598): CodeIgniter\Database\BaseConnection->simpleQuery('SELECT * FROM p...')
#3 C:\xampp\htdocs\klinik-muhammadiyah\app\Views\landingpage.php(24): CodeIgniter\Database\BaseConnection->query('SELECT * FROM p...')
#4 C:\xampp\htdocs\klinik-muhammadiyah\system\View\View.php(210): include('C:\\xampp\\htdocs...')
#5 C:\xampp\htdocs\klinik-muhammadiyah\system\View\View.php(213): CodeIgniter\View\View->CodeIgniter\View\{closure}()
#6 C:\xampp\htdocs\klinik-muhammadiyah\system\Common.php(1089): CodeIgniter\View\View->render('landingpage', Array, true)
#7 C:\xampp\htdocs\klinik-muhammadiyah\app\Controllers\Home.php(9): view('landingpage')
#8 C:\xampp\htdocs\klinik-muhammadiyah\system\CodeIgniter.php(832): App\Controllers\Home->index()
#9 C:\xampp\htdocs\klinik-muhammadiyah\system\CodeIgniter.php(419): CodeIgniter\CodeIgniter->runController(Object(App\Controllers\Home))
#10 C:\xampp\htdocs\klinik-muhammadiyah\system\CodeIgniter.php(326): CodeIgniter\CodeIgniter->handleRequest(NULL, Object(Config\Cache), false)
#11 C:\xampp\htdocs\klinik-muhammadiyah\public\index.php(37): CodeIgniter\CodeIgniter->run()
#12 C:\xampp\htdocs\klinik-muhammadiyah\system\Commands\Server\rewrite.php(43): require_once('C:\\xampp\\htdocs...')
#13 {main}
ERROR - 2022-07-08 11:08:16 --> You have an error in your SQL syntax; check the manual that corresponds to your MariaDB server version for the right syntax to use near 'ORDER by id_dokter' at line 1
CRITICAL - 2022-07-08 11:08:16 --> You have an error in your SQL syntax; check the manual that corresponds to your MariaDB server version for the right syntax to use near 'ORDER by id_dokter' at line 1
#0 C:\xampp\htdocs\klinik-muhammadiyah\system\Database\MySQLi\Connection.php(292): mysqli->query('SELECT * FROM p...', 0)
#1 C:\xampp\htdocs\klinik-muhammadiyah\system\Database\BaseConnection.php(670): CodeIgniter\Database\MySQLi\Connection->execute('SELECT * FROM p...')
#2 C:\xampp\htdocs\klinik-muhammadiyah\system\Database\BaseConnection.php(598): CodeIgniter\Database\BaseConnection->simpleQuery('SELECT * FROM p...')
#3 C:\xampp\htdocs\klinik-muhammadiyah\app\Views\landingpage.php(24): CodeIgniter\Database\BaseConnection->query('SELECT * FROM p...')
#4 C:\xampp\htdocs\klinik-muhammadiyah\system\View\View.php(210): include('C:\\xampp\\htdocs...')
#5 C:\xampp\htdocs\klinik-muhammadiyah\system\View\View.php(213): CodeIgniter\View\View->CodeIgniter\View\{closure}()
#6 C:\xampp\htdocs\klinik-muhammadiyah\system\Common.php(1089): CodeIgniter\View\View->render('landingpage', Array, true)
#7 C:\xampp\htdocs\klinik-muhammadiyah\app\Controllers\Home.php(9): view('landingpage')
#8 C:\xampp\htdocs\klinik-muhammadiyah\system\CodeIgniter.php(832): App\Controllers\Home->index()
#9 C:\xampp\htdocs\klinik-muhammadiyah\system\CodeIgniter.php(419): CodeIgniter\CodeIgniter->runController(Object(App\Controllers\Home))
#10 C:\xampp\htdocs\klinik-muhammadiyah\system\CodeIgniter.php(326): CodeIgniter\CodeIgniter->handleRequest(NULL, Object(Config\Cache), false)
#11 C:\xampp\htdocs\klinik-muhammadiyah\public\index.php(37): CodeIgniter\CodeIgniter->run()
#12 C:\xampp\htdocs\klinik-muhammadiyah\system\Commands\Server\rewrite.php(43): require_once('C:\\xampp\\htdocs...')
#13 {main}
ERROR - 2022-07-08 11:08:17 --> You have an error in your SQL syntax; check the manual that corresponds to your MariaDB server version for the right syntax to use near 'ORDER by id_dokter' at line 1
CRITICAL - 2022-07-08 11:08:17 --> You have an error in your SQL syntax; check the manual that corresponds to your MariaDB server version for the right syntax to use near 'ORDER by id_dokter' at line 1
#0 C:\xampp\htdocs\klinik-muhammadiyah\system\Database\MySQLi\Connection.php(292): mysqli->query('SELECT * FROM p...', 0)
#1 C:\xampp\htdocs\klinik-muhammadiyah\system\Database\BaseConnection.php(670): CodeIgniter\Database\MySQLi\Connection->execute('SELECT * FROM p...')
#2 C:\xampp\htdocs\klinik-muhammadiyah\system\Database\BaseConnection.php(598): CodeIgniter\Database\BaseConnection->simpleQuery('SELECT * FROM p...')
#3 C:\xampp\htdocs\klinik-muhammadiyah\app\Views\landingpage.php(24): CodeIgniter\Database\BaseConnection->query('SELECT * FROM p...')
#4 C:\xampp\htdocs\klinik-muhammadiyah\system\View\View.php(210): include('C:\\xampp\\htdocs...')
#5 C:\xampp\htdocs\klinik-muhammadiyah\system\View\View.php(213): CodeIgniter\View\View->CodeIgniter\View\{closure}()
#6 C:\xampp\htdocs\klinik-muhammadiyah\system\Common.php(1089): CodeIgniter\View\View->render('landingpage', Array, true)
#7 C:\xampp\htdocs\klinik-muhammadiyah\app\Controllers\Home.php(9): view('landingpage')
#8 C:\xampp\htdocs\klinik-muhammadiyah\system\CodeIgniter.php(832): App\Controllers\Home->index()
#9 C:\xampp\htdocs\klinik-muhammadiyah\system\CodeIgniter.php(419): CodeIgniter\CodeIgniter->runController(Object(App\Controllers\Home))
#10 C:\xampp\htdocs\klinik-muhammadiyah\system\CodeIgniter.php(326): CodeIgniter\CodeIgniter->handleRequest(NULL, Object(Config\Cache), false)
#11 C:\xampp\htdocs\klinik-muhammadiyah\public\index.php(37): CodeIgniter\CodeIgniter->run()
#12 C:\xampp\htdocs\klinik-muhammadiyah\system\Commands\Server\rewrite.php(43): require_once('C:\\xampp\\htdocs...')
#13 {main}
ERROR - 2022-07-08 11:09:49 --> You have an error in your SQL syntax; check the manual that corresponds to your MariaDB server version for the right syntax to use near 'WHERE poli.id_poli = dokter.id_poli' at line 1
CRITICAL - 2022-07-08 11:09:49 --> You have an error in your SQL syntax; check the manual that corresponds to your MariaDB server version for the right syntax to use near 'WHERE poli.id_poli = dokter.id_poli' at line 1
#0 C:\xampp\htdocs\klinik-muhammadiyah\system\Database\MySQLi\Connection.php(292): mysqli->query('SELECT * FROM p...', 0)
#1 C:\xampp\htdocs\klinik-muhammadiyah\system\Database\BaseConnection.php(670): CodeIgniter\Database\MySQLi\Connection->execute('SELECT * FROM p...')
#2 C:\xampp\htdocs\klinik-muhammadiyah\system\Database\BaseConnection.php(598): CodeIgniter\Database\BaseConnection->simpleQuery('SELECT * FROM p...')
#3 C:\xampp\htdocs\klinik-muhammadiyah\app\Views\landingpage.php(24): CodeIgniter\Database\BaseConnection->query('SELECT * FROM p...')
#4 C:\xampp\htdocs\klinik-muhammadiyah\system\View\View.php(210): include('C:\\xampp\\htdocs...')
#5 C:\xampp\htdocs\klinik-muhammadiyah\system\View\View.php(213): CodeIgniter\View\View->CodeIgniter\View\{closure}()
#6 C:\xampp\htdocs\klinik-muhammadiyah\system\Common.php(1089): CodeIgniter\View\View->render('landingpage', Array, true)
#7 C:\xampp\htdocs\klinik-muhammadiyah\app\Controllers\Home.php(9): view('landingpage')
#8 C:\xampp\htdocs\klinik-muhammadiyah\system\CodeIgniter.php(832): App\Controllers\Home->index()
#9 C:\xampp\htdocs\klinik-muhammadiyah\system\CodeIgniter.php(419): CodeIgniter\CodeIgniter->runController(Object(App\Controllers\Home))
#10 C:\xampp\htdocs\klinik-muhammadiyah\system\CodeIgniter.php(326): CodeIgniter\CodeIgniter->handleRequest(NULL, Object(Config\Cache), false)
#11 C:\xampp\htdocs\klinik-muhammadiyah\public\index.php(37): CodeIgniter\CodeIgniter->run()
#12 C:\xampp\htdocs\klinik-muhammadiyah\system\Commands\Server\rewrite.php(43): require_once('C:\\xampp\\htdocs...')
#13 {main}
ERROR - 2022-07-08 11:13:59 --> You have an error in your SQL syntax; check the manual that corresponds to your MariaDB server version for the right syntax to use near 'ORDER by id_dokter DESC' at line 1
CRITICAL - 2022-07-08 11:13:59 --> You have an error in your SQL syntax; check the manual that corresponds to your MariaDB server version for the right syntax to use near 'ORDER by id_dokter DESC' at line 1
#0 C:\xampp\htdocs\klinik-muhammadiyah\system\Database\MySQLi\Connection.php(292): mysqli->query('SELECT * FROM p...', 0)
#1 C:\xampp\htdocs\klinik-muhammadiyah\system\Database\BaseConnection.php(670): CodeIgniter\Database\MySQLi\Connection->execute('SELECT * FROM p...')
#2 C:\xampp\htdocs\klinik-muhammadiyah\system\Database\BaseConnection.php(598): CodeIgniter\Database\BaseConnection->simpleQuery('SELECT * FROM p...')
#3 C:\xampp\htdocs\klinik-muhammadiyah\app\Views\landingpage.php(24): CodeIgniter\Database\BaseConnection->query('SELECT * FROM p...')
#4 C:\xampp\htdocs\klinik-muhammadiyah\system\View\View.php(210): include('C:\\xampp\\htdocs...')
#5 C:\xampp\htdocs\klinik-muhammadiyah\system\View\View.php(213): CodeIgniter\View\View->CodeIgniter\View\{closure}()
#6 C:\xampp\htdocs\klinik-muhammadiyah\system\Common.php(1089): CodeIgniter\View\View->render('landingpage', Array, true)
#7 C:\xampp\htdocs\klinik-muhammadiyah\app\Controllers\Home.php(9): view('landingpage')
#8 C:\xampp\htdocs\klinik-muhammadiyah\system\CodeIgniter.php(832): App\Controllers\Home->index()
#9 C:\xampp\htdocs\klinik-muhammadiyah\system\CodeIgniter.php(419): CodeIgniter\CodeIgniter->runController(Object(App\Controllers\Home))
#10 C:\xampp\htdocs\klinik-muhammadiyah\system\CodeIgniter.php(326): CodeIgniter\CodeIgniter->handleRequest(NULL, Object(Config\Cache), false)
#11 C:\xampp\htdocs\klinik-muhammadiyah\public\index.php(37): CodeIgniter\CodeIgniter->run()
#12 C:\xampp\htdocs\klinik-muhammadiyah\system\Commands\Server\rewrite.php(43): require_once('C:\\xampp\\htdocs...')
#13 {main}
